TN:
SF:/home/lolo/Documents/fishnet/app/sda-workflow/shared/filters/ApproxAreaFilter.hpp
FN:23,23,_ZN16ApproxAreaFilterC2Ed
FN:25,31,_ZNK16ApproxAreaFilterclIN7fishnet8geometry13SimplePolygonIdEEEEbRKT_
FN:33,35,_ZN16ApproxAreaFilter4typeEv
FNDA:1,_ZN16ApproxAreaFilterC2Ed
FNDA:1,_ZNK16ApproxAreaFilterclIN7fishnet8geometry13SimplePolygonIdEEEEbRKT_
FNDA:1,_ZN16ApproxAreaFilter4typeEv
FNF:3
FNH:3
DA:23,1
DA:25,1
DA:26,1
DA:27,1
DA:28,1
DA:29,1
DA:30,1
DA:33,1
DA:34,1
LF:9
LH:9
end_of_record
TN:
SF:/home/lolo/Documents/fishnet/app/sda-workflow/shared/filters/InsidePolygonFilter.hpp
FN:15,17,_ZN19InsidePolygonFilterclIN7fishnet8geometry13SimplePolygonIdEES4_EEbRKT_RKT0_
FNDA:3,_ZN19InsidePolygonFilterclIN7fishnet8geometry13SimplePolygonIdEES4_EEbRKT_RKT0_
FNF:1
FNH:1
DA:15,3
DA:16,3
LF:2
LH:2
end_of_record
TN:
SF:/home/lolo/Documents/fishnet/app/sda-workflow/shared/filters/ProjectedAreaFilter.hpp
FN:14,14,_ZN19ProjectedAreaFilterC2Ed
FN:16,18,_ZNK19ProjectedAreaFilterclIN7fishnet8geometry13SimplePolygonIdEEEEbRKT_
FN:20,22,_ZN19ProjectedAreaFilter4typeEv
FNDA:1,_ZN19ProjectedAreaFilterC2Ed
FNDA:1,_ZNK19ProjectedAreaFilterclIN7fishnet8geometry13SimplePolygonIdEEEEbRKT_
FNDA:1,_ZN19ProjectedAreaFilter4typeEv
FNF:3
FNH:3
DA:14,1
DA:16,1
DA:17,1
DA:20,1
DA:21,1
LF:5
LH:5
end_of_record
TN:
SF:/home/lolo/Documents/fishnet/app/sda-workflow/shared/job/Job.hpp
FN:29,31,_Zlt7JobTypeS_
FN:44,44,_ZN3JobC2Ev
FN:45,45,_ZN3JobC2EmNSt10filesystem7__cxx114pathE7JobType8JobState
FN:54,56,_ZNK3JobeqERKS_
FN:8,27,_ZL9jobTypeId7JobType
FNDA:0,_Zlt7JobTypeS_
FNDA:176,_ZN3JobC2Ev
FNDA:77,_ZN3JobC2EmNSt10filesystem7__cxx114pathE7JobType8JobState
FNDA:27,_ZNK3JobeqERKS_
FNDA:0,_ZL9jobTypeId7JobType
FNF:5
FNH:3
DA:8,0
DA:9,0
DA:10,0
DA:11,0
DA:12,0
DA:13,0
DA:14,0
DA:15,0
DA:16,0
DA:17,0
DA:18,0
DA:19,0
DA:20,0
DA:21,0
DA:22,0
DA:23,0
DA:24,0
DA:25,0
DA:29,0
DA:30,0
DA:44,176
DA:45,77
DA:54,27
DA:55,27
LF:24
LH:4
end_of_record
TN:
SF:/home/lolo/Documents/fishnet/app/sda-workflow/shared/job/JobAdjacency.hpp
FN:102,106,_ZNK12JobAdjacency12addAdjacencyERK3JobS2_
FN:108,113,_ZNK12JobAdjacency14addAdjacenciesIRSt6vectorISt4pairI3JobS3_ESaIS4_EEEEbOT_
FN:109,109,_ZZNK12JobAdjacency14addAdjacenciesIRSt6vectorISt4pairI3JobS3_ESaIS4_EEEEbOT_ENKUlbS9_E_clIRS4_EEDabS9_
FN:115,117,_ZNK12JobAdjacency7addNodeERK3Job
FN:119,123,_ZNK12JobAdjacency8addNodesIRSt6vectorI3JobSaIS2_EEEEbOT_
FN:120,120,_ZZNK12JobAdjacency8addNodesIRSt6vectorI3JobSaIS2_EEEEbOT_ENKUlbS7_E_clIRS2_EEDabS7_
FN:129,131,_ZNK12JobAdjacency10removeNodeERK3Job
FN:139,146,_ZNK12JobAdjacency15removeAdjacencyERK3JobS2_
FN:148,153,_ZNK12JobAdjacency17removeAdjacenciesIRSt6vectorISt4pairI3JobS3_ESaIS4_EEEEbOT_
FN:149,149,_ZZNK12JobAdjacency17removeAdjacenciesIRSt6vectorISt4pairI3JobS3_ESaIS4_EEEEbOT_ENKUlbS9_E_clIRS4_EEDabS9_
FN:155,157,_ZNK12JobAdjacency5clearEv
FN:159,166,_ZNK12JobAdjacency8containsERK3Job
FN:168,181,_ZNK12JobAdjacency12hasAdjacencyERK3JobS2_
FN:183,198,_ZNK12JobAdjacency9adjacencyERK3Job
FN:200,214,_ZNK12JobAdjacency5nodesEv
FN:216,231,_ZNK12JobAdjacency17getAdjacencyPairsEv
FN:24,31,_ZNK12JobAdjacency27createConstraintsAndIndexesEv
FN:37,60,_ZNK12JobAdjacency8queryJobERK3JobNS_9QueryTypeESt17basic_string_viewIcSt11char_traitsIcEE
FN:62,64,_ZN12JobAdjacency11asJobIdTypeEl
FN:66,79,_ZNK12JobAdjacency15fromQueryResultERKN2mg9ConstNodeE
FN:82,89,_ZN12JobAdjacencyC2EO18MemgraphConnection
FN:91,91,_ZN12JobAdjacencyC2EOS_
FN:93,96,_ZN12JobAdjacencyaSEOS_
FNDA:31,_ZNK12JobAdjacency12addAdjacencyERK3JobS2_
FNDA:1,_ZNK12JobAdjacency14addAdjacenciesIRSt6vectorISt4pairI3JobS3_ESaIS4_EEEEbOT_
FNDA:2,_ZZNK12JobAdjacency14addAdjacenciesIRSt6vectorISt4pairI3JobS3_ESaIS4_EEEEbOT_ENKUlbS9_E_clIRS4_EEDabS9_
FNDA:46,_ZNK12JobAdjacency7addNodeERK3Job
FNDA:1,_ZNK12JobAdjacency8addNodesIRSt6vectorI3JobSaIS2_EEEEbOT_
FNDA:2,_ZZNK12JobAdjacency8addNodesIRSt6vectorI3JobSaIS2_EEEEbOT_ENKUlbS7_E_clIRS2_EEDabS7_
FNDA:1,_ZNK12JobAdjacency10removeNodeERK3Job
FNDA:4,_ZNK12JobAdjacency15removeAdjacencyERK3JobS2_
FNDA:1,_ZNK12JobAdjacency17removeAdjacenciesIRSt6vectorISt4pairI3JobS3_ESaIS4_EEEEbOT_
FNDA:2,_ZZNK12JobAdjacency17removeAdjacenciesIRSt6vectorISt4pairI3JobS3_ESaIS4_EEEEbOT_ENKUlbS9_E_clIRS4_EEDabS9_
FNDA:15,_ZNK12JobAdjacency5clearEv
FNDA:6,_ZNK12JobAdjacency8containsERK3Job
FNDA:9,_ZNK12JobAdjacency12hasAdjacencyERK3JobS2_
FNDA:4,_ZNK12JobAdjacency9adjacencyERK3Job
FNDA:23,_ZNK12JobAdjacency5nodesEv
FNDA:22,_ZNK12JobAdjacency17getAdjacencyPairsEv
FNDA:15,_ZNK12JobAdjacency27createConstraintsAndIndexesEv
FNDA:119,_ZNK12JobAdjacency8queryJobERK3JobNS_9QueryTypeESt17basic_string_viewIcSt11char_traitsIcEE
FNDA:174,_ZN12JobAdjacency11asJobIdTypeEl
FNDA:174,_ZNK12JobAdjacency15fromQueryResultERKN2mg9ConstNodeE
FNDA:15,_ZN12JobAdjacencyC2EO18MemgraphConnection
FNDA:16,_ZN12JobAdjacencyC2EOS_
FNDA:0,_ZN12JobAdjacencyaSEOS_
FNF:23
FNH:22
DA:24,15
DA:25,15
DA:26,30
DA:27,30
DA:28,30
DA:29,30
DA:30,30
DA:37,119
DA:38,119
DA:39,119
DA:40,108
DA:45,108
DA:46,216
DA:47,216
DA:48,432
DA:49,432
DA:50,432
DA:51,324
DA:52,11
DA:53,11
DA:54,22
DA:55,22
DA:56,33
DA:57,0
DA:58,0
DA:60,119
DA:62,174
DA:63,174
DA:66,174
DA:67,174
DA:68,870
DA:69,696
DA:70,174
DA:71,696
DA:72,174
DA:73,696
DA:74,174
DA:75,696
DA:76,174
DA:78,174
DA:82,15
DA:83,15
DA:84,0
DA:86,15
DA:87,0
DA:89,15
DA:91,16
DA:93,0
DA:94,0
DA:95,0
DA:102,31
DA:103,62
DA:104,31
DA:105,31
DA:108,1
DA:109,1
DA:110,2
DA:111,2
DA:112,1
DA:115,46
DA:116,46
DA:119,1
DA:120,1
DA:121,2
DA:122,1
DA:129,1
DA:130,1
DA:139,4
DA:140,8
DA:141,4
DA:142,4
DA:143,8
DA:144,4
DA:145,4
DA:148,1
DA:149,1
DA:150,2
DA:151,2
DA:152,1
DA:155,15
DA:156,15
DA:159,6
DA:160,6
DA:161,6
DA:162,6
DA:163,6
DA:164,6
DA:165,0
DA:166,6
DA:168,9
DA:169,9
DA:170,18
DA:171,9
DA:172,9
DA:173,9
DA:174,9
DA:175,9
DA:177,9
DA:178,9
DA:179,9
DA:180,0
DA:183,4
DA:184,4
DA:185,8
DA:186,4
DA:187,4
DA:188,4
DA:190,4
DA:191,5
DA:192,1
DA:193,6
DA:194,4
DA:195,4
DA:196,0
DA:197,0
DA:200,23
DA:201,23
DA:202,46
DA:203,23
DA:204,23
DA:206,23
DA:207,116
DA:208,93
DA:209,209
DA:210,23
DA:211,23
DA:212,0
DA:213,0
DA:216,22
DA:217,22
DA:218,22
DA:219,44
DA:220,22
DA:221,22
DA:223,62
DA:224,40
DA:225,102
DA:226,22
DA:229,0
DA:230,0
LF:140
LH:125
end_of_record
TN:
SF:/home/lolo/Documents/fishnet/app/sda-workflow/shared/memgraph/CachingMemgraphAdjacency.hpp
FN:105,114,_ZN24CachingMemgraphAdjacencyI11ExampleNodeE17removeAdjacenciesIRNSt6ranges11filter_viewINS3_8ref_viewISt6vectorISt4pairIS0_S0_ESaIS8_EEEEZN35MemgraphTest_removeAdjacencies_Test8TestBodyEvEUlRKT_E_EEEEbOSD_
FN:107,107,_ZZN24CachingMemgraphAdjacencyI11ExampleNodeE17removeAdjacenciesIRNSt6ranges11filter_viewINS3_8ref_viewISt6vectorISt4pairIS0_S0_ESaIS8_EEEEZN35MemgraphTest_removeAdjacencies_Test8TestBodyEvEUlRKT_E_EEEEbOSD_ENKUlSF_E_clIS8_EEDaSF_
FN:11,15,_ZN24CachingMemgraphAdjacencyI11ExampleNodeE9loadEdgesEv
FN:116,118,_ZNK24CachingMemgraphAdjacencyI11ExampleNodeE8containsERKS0_
FN:120,122,_ZNK24CachingMemgraphAdjacencyI11ExampleNodeE12hasAdjacencyERKS0_S3_
FN:124,128,_ZNK24CachingMemgraphAdjacencyI11ExampleNodeE9adjacencyERKS0_
FN:125,125,_ZZNK24CachingMemgraphAdjacencyI11ExampleNodeE9adjacencyERKS0_ENKUlT_E_clImEEDaS4_
FN:130,132,_ZNK24CachingMemgraphAdjacencyI11ExampleNodeE5nodesEv
FN:134,139,_ZNK24CachingMemgraphAdjacencyI11ExampleNodeE17getAdjacencyPairsEv
FN:135,135,_ZZNK24CachingMemgraphAdjacencyI11ExampleNodeE17getAdjacencyPairsEvENKUlRKT_E_clISt4pairImmEEEDaS4_
FN:141,144,_ZN24CachingMemgraphAdjacencyI11ExampleNodeE5clearEv
FN:18,20,_ZN24CachingMemgraphAdjacencyI11ExampleNodeEC2EO14MemgraphClient
FN:22,28,_ZN24CachingMemgraphAdjacencyI11ExampleNodeE12addAdjacencyERKS0_S3_
FN:30,38,_ZN24CachingMemgraphAdjacencyI11ExampleNodeE12addAdjacencyEOS0_S2_
FN:40,51,_ZN24CachingMemgraphAdjacencyI11ExampleNodeE14addAdjacenciesIRSt6vectorISt4pairIS0_S0_ESaIS5_EEEEbOT_
FN:53,56,_ZN24CachingMemgraphAdjacencyI11ExampleNodeE7addNodeERKS0_
FN:58,65,_ZN24CachingMemgraphAdjacencyI11ExampleNodeE7addNodeEOS0_
FN:67,78,_ZN24CachingMemgraphAdjacencyI11ExampleNodeE8addNodesIRNSt6ranges14transform_viewINS3_9iota_viewImjEEZN26MemgraphTest_addNodes_Test8TestBodyEvEUlmE_EEEEbOT_
FN:67,78,_ZN24CachingMemgraphAdjacencyI11ExampleNodeE8addNodesIRNSt6ranges14transform_viewINS3_9iota_viewImjEEZN29MemgraphTest_removeNodes_Test8TestBodyEvEUlmE_EEEEbOT_
FN:80,86,_ZN24CachingMemgraphAdjacencyI11ExampleNodeE10removeNodeERKS0_
FN:88,94,_ZN24CachingMemgraphAdjacencyI11ExampleNodeE11removeNodesIRNSt6ranges9take_viewINS3_14transform_viewINS3_9iota_viewImjEEZN29MemgraphTest_removeNodes_Test8TestBodyEvEUlmE_EEEEEEbOT_
FN:88,94,_ZN24CachingMemgraphAdjacencyI11ExampleNodeE11removeNodesIRSt6vectorIS0_SaIS0_EEEEbOT_
FN:90,90,_ZZN24CachingMemgraphAdjacencyI11ExampleNodeE11removeNodesIRNSt6ranges9take_viewINS3_14transform_viewINS3_9iota_viewImjEEZN29MemgraphTest_removeNodes_Test8TestBodyEvEUlmE_EEEEEEbOT_ENKUlRKSD_E_clIS0_EEDaSG_
FN:90,90,_ZZN24CachingMemgraphAdjacencyI11ExampleNodeE11removeNodesIRSt6vectorIS0_SaIS0_EEEEbOT_ENKUlRKS7_E_clIS0_EEDaSA_
FN:97,103,_ZN24CachingMemgraphAdjacencyI11ExampleNodeE15removeAdjacencyERKS0_S3_
FNDA:1,_ZN24CachingMemgraphAdjacencyI11ExampleNodeE17removeAdjacenciesIRNSt6ranges11filter_viewINS3_8ref_viewISt6vectorISt4pairIS0_S0_ESaIS8_EEEEZN35MemgraphTest_removeAdjacencies_Test8TestBodyEvEUlRKT_E_EEEEbOSD_
FNDA:99,_ZZN24CachingMemgraphAdjacencyI11ExampleNodeE17removeAdjacenciesIRNSt6ranges11filter_viewINS3_8ref_viewISt6vectorISt4pairIS0_S0_ESaIS8_EEEEZN35MemgraphTest_removeAdjacencies_Test8TestBodyEvEUlRKT_E_EEEEbOSD_ENKUlSF_E_clIS8_EEDaSF_
FNDA:16,_ZN24CachingMemgraphAdjacencyI11ExampleNodeE9loadEdgesEv
FNDA:1513,_ZNK24CachingMemgraphAdjacencyI11ExampleNodeE8containsERKS0_
FNDA:309,_ZNK24CachingMemgraphAdjacencyI11ExampleNodeE12hasAdjacencyERKS0_S3_
FNDA:6,_ZNK24CachingMemgraphAdjacencyI11ExampleNodeE9adjacencyERKS0_
FNDA:4,_ZZNK24CachingMemgraphAdjacencyI11ExampleNodeE9adjacencyERKS0_ENKUlT_E_clImEEDaS4_
FNDA:9,_ZNK24CachingMemgraphAdjacencyI11ExampleNodeE5nodesEv
FNDA:2,_ZNK24CachingMemgraphAdjacencyI11ExampleNodeE17getAdjacencyPairsEv
FNDA:9,_ZZNK24CachingMemgraphAdjacencyI11ExampleNodeE17getAdjacencyPairsEvENKUlRKT_E_clISt4pairImmEEEDaS4_
FNDA:1,_ZN24CachingMemgraphAdjacencyI11ExampleNodeE5clearEv
FNDA:16,_ZN24CachingMemgraphAdjacencyI11ExampleNodeEC2EO14MemgraphClient
FNDA:14,_ZN24CachingMemgraphAdjacencyI11ExampleNodeE12addAdjacencyERKS0_S3_
FNDA:1,_ZN24CachingMemgraphAdjacencyI11ExampleNodeE12addAdjacencyEOS0_S2_
FNDA:2,_ZN24CachingMemgraphAdjacencyI11ExampleNodeE14addAdjacenciesIRSt6vectorISt4pairIS0_S0_ESaIS5_EEEEbOT_
FNDA:5,_ZN24CachingMemgraphAdjacencyI11ExampleNodeE7addNodeERKS0_
FNDA:5,_ZN24CachingMemgraphAdjacencyI11ExampleNodeE7addNodeEOS0_
FNDA:1,_ZN24CachingMemgraphAdjacencyI11ExampleNodeE8addNodesIRNSt6ranges14transform_viewINS3_9iota_viewImjEEZN26MemgraphTest_addNodes_Test8TestBodyEvEUlmE_EEEEbOT_
FNDA:1,_ZN24CachingMemgraphAdjacencyI11ExampleNodeE8addNodesIRNSt6ranges14transform_viewINS3_9iota_viewImjEEZN29MemgraphTest_removeNodes_Test8TestBodyEvEUlmE_EEEEbOT_
FNDA:1,_ZN24CachingMemgraphAdjacencyI11ExampleNodeE10removeNodeERKS0_
FNDA:1,_ZN24CachingMemgraphAdjacencyI11ExampleNodeE11removeNodesIRNSt6ranges9take_viewINS3_14transform_viewINS3_9iota_viewImjEEZN29MemgraphTest_removeNodes_Test8TestBodyEvEUlmE_EEEEEEbOT_
FNDA:1,_ZN24CachingMemgraphAdjacencyI11ExampleNodeE11removeNodesIRSt6vectorIS0_SaIS0_EEEEbOT_
FNDA:125,_ZZN24CachingMemgraphAdjacencyI11ExampleNodeE11removeNodesIRNSt6ranges9take_viewINS3_14transform_viewINS3_9iota_viewImjEEZN29MemgraphTest_removeNodes_Test8TestBodyEvEUlmE_EEEEEEbOT_ENKUlRKSD_E_clIS0_EEDaSG_
FNDA:2,_ZZN24CachingMemgraphAdjacencyI11ExampleNodeE11removeNodesIRSt6vectorIS0_SaIS0_EEEEbOT_ENKUlRKS7_E_clIS0_EEDaSA_
FNDA:3,_ZN24CachingMemgraphAdjacencyI11ExampleNodeE15removeAdjacencyERKS0_S3_
FNF:25
FNH:25
DA:11,16
DA:12,16
DA:13,0
DA:15,16
DA:18,16
DA:19,16
DA:20,16
DA:22,14
DA:23,14
DA:24,14
DA:25,14
DA:27,14
DA:30,1
DA:31,1
DA:32,1
DA:33,1
DA:34,1
DA:35,1
DA:37,0
DA:40,2
DA:41,2
DA:42,2
DA:43,202
DA:44,200
DA:46,2
DA:47,2
DA:48,2
DA:50,0
DA:51,2
DA:53,5
DA:54,5
DA:55,5
DA:58,5
DA:59,5
DA:60,5
DA:61,4
DA:62,4
DA:64,1
DA:67,2
DA:68,2
DA:69,2
DA:70,1252
DA:71,1250
DA:73,2
DA:74,2
DA:75,2
DA:77,0
DA:78,2
DA:80,1
DA:81,1
DA:82,1
DA:83,1
DA:85,0
DA:88,2
DA:89,2
DA:90,129
DA:91,2
DA:93,0
DA:97,3
DA:98,3
DA:99,3
DA:100,3
DA:102,0
DA:105,1
DA:106,1
DA:107,1
DA:108,99
DA:109,99
DA:111,1
DA:113,0
DA:116,1513
DA:117,1513
DA:120,309
DA:121,309
DA:124,6
DA:125,12
DA:126,4
DA:127,6
DA:130,9
DA:131,9
DA:134,2
DA:135,2
DA:136,9
DA:137,18
DA:138,2
DA:141,1
DA:142,1
DA:143,1
DA:144,1
LF:89
LH:81
end_of_record
TN:
SF:/home/lolo/Documents/fishnet/app/sda-workflow/shared/memgraph/MemgraphAdjacency.hpp
FN:104,113,_ZN17MemgraphAdjacencyI11ExampleNodeE7addNodeEOS0_
FN:115,125,_ZN17MemgraphAdjacencyI11ExampleNodeE8addNodesIRNSt6ranges14transform_viewINS3_9iota_viewImjEEZN26MemgraphTest_addNodes_Test8TestBodyEvEUlmE_EEEEbOT_
FN:115,125,_ZN17MemgraphAdjacencyI11ExampleNodeE8addNodesIRNSt6ranges14transform_viewINS3_9iota_viewImjEEZN29MemgraphTest_removeNodes_Test8TestBodyEvEUlmE_EEEEbOT_
FN:117,117,_ZZN17MemgraphAdjacencyI11ExampleNodeE8addNodesIRNSt6ranges14transform_viewINS3_9iota_viewImjEEZN26MemgraphTest_addNodes_Test8TestBodyEvEUlmE_EEEEbOT_ENKUlRKSB_E_clIS0_EEDaSE_
FN:117,117,_ZZN17MemgraphAdjacencyI11ExampleNodeE8addNodesIRNSt6ranges14transform_viewINS3_9iota_viewImjEEZN29MemgraphTest_removeNodes_Test8TestBodyEvEUlmE_EEEEbOT_ENKUlRKSB_E_clIS0_EEDaSE_
FN:118,118,_ZZN17MemgraphAdjacencyI11ExampleNodeE8addNodesIRNSt6ranges14transform_viewINS3_9iota_viewImjEEZN26MemgraphTest_addNodes_Test8TestBodyEvEUlmE_EEEEbOT_ENKUlRKSB_E0_clIS0_EEDaSE_
FN:118,118,_ZZN17MemgraphAdjacencyI11ExampleNodeE8addNodesIRNSt6ranges14transform_viewINS3_9iota_viewImjEEZN29MemgraphTest_removeNodes_Test8TestBodyEvEUlmE_EEEEbOT_ENKUlRKSB_E0_clIS0_EEDaSE_
FN:120,120,_ZZN17MemgraphAdjacencyI11ExampleNodeE8addNodesIRNSt6ranges14transform_viewINS3_9iota_viewImjEEZN26MemgraphTest_addNodes_Test8TestBodyEvEUlmE_EEEEbOT_ENKUlRKSB_E1_clIS0_EEDaSE_
FN:120,120,_ZZN17MemgraphAdjacencyI11ExampleNodeE8addNodesIRNSt6ranges14transform_viewINS3_9iota_viewImjEEZN29MemgraphTest_removeNodes_Test8TestBodyEvEUlmE_EEEEbOT_ENKUlRKSB_E1_clIS0_EEDaSE_
FN:127,133,_ZN17MemgraphAdjacencyI11ExampleNodeE10removeNodeERKS0_
FN:135,143,_ZN17MemgraphAdjacencyI11ExampleNodeE11removeNodesIRNSt6ranges9take_viewINS3_14transform_viewINS3_9iota_viewImjEEZN29MemgraphTest_removeNodes_Test8TestBodyEvEUlmE_EEEEEEbOT_
FN:135,143,_ZN17MemgraphAdjacencyI11ExampleNodeE11removeNodesIRSt6vectorIS0_SaIS0_EEEEbOT_
FN:137,137,_ZZN17MemgraphAdjacencyI11ExampleNodeE11removeNodesIRNSt6ranges9take_viewINS3_14transform_viewINS3_9iota_viewImjEEZN29MemgraphTest_removeNodes_Test8TestBodyEvEUlmE_EEEEEEbOT_ENKUlRKSD_E_clIS0_EEDaSG_
FN:137,137,_ZZN17MemgraphAdjacencyI11ExampleNodeE11removeNodesIRSt6vectorIS0_SaIS0_EEEEbOT_ENKUlRKS7_E_clIS0_EEDaSA_
FN:139,139,_ZZN17MemgraphAdjacencyI11ExampleNodeE11removeNodesIRNSt6ranges9take_viewINS3_14transform_viewINS3_9iota_viewImjEEZN29MemgraphTest_removeNodes_Test8TestBodyEvEUlmE_EEEEEEbOT_ENKUlRKSD_E0_clIS0_EEDaSG_
FN:139,139,_ZZN17MemgraphAdjacencyI11ExampleNodeE11removeNodesIRSt6vectorIS0_SaIS0_EEEEbOT_ENKUlRKS7_E0_clIS0_EEDaSA_
FN:145,147,_ZN17MemgraphAdjacencyI11ExampleNodeE15removeAdjacencyERKS0_S3_
FN:149,153,_ZN17MemgraphAdjacencyI11ExampleNodeE17removeAdjacenciesIRNSt6ranges11filter_viewINS3_8ref_viewISt6vectorISt4pairIS0_S0_ESaIS8_EEEEZN35MemgraphTest_removeAdjacencies_Test8TestBodyEvEUlRKT_E_EEEEbOSD_
FN:151,151,_ZZN17MemgraphAdjacencyI11ExampleNodeE17removeAdjacenciesIRNSt6ranges11filter_viewINS3_8ref_viewISt6vectorISt4pairIS0_S0_ESaIS8_EEEEZN35MemgraphTest_removeAdjacencies_Test8TestBodyEvEUlRKT_E_EEEEbOSD_ENKUlSF_E_clIS8_EEDaSF_
FN:155,159,_ZNK17MemgraphAdjacencyI11ExampleNodeE8containsERKS0_
FN:161,163,_ZNK17MemgraphAdjacencyI11ExampleNodeE12hasAdjacencyERKS0_S3_
FN:165,170,_ZNK17MemgraphAdjacencyI11ExampleNodeE9adjacencyERKS0_
FN:168,168,_ZZNK17MemgraphAdjacencyI11ExampleNodeE9adjacencyERKS0_ENKUlRKT_E_clISt4pairIKmS0_EEEDaS6_
FN:169,169,_ZZNK17MemgraphAdjacencyI11ExampleNodeE9adjacencyERKS0_ENKUlRKT_E0_clISt4pairIKmS0_EEEDaS6_
FN:172,174,_ZNK17MemgraphAdjacencyI11ExampleNodeE5nodesEv
FN:177,190,_ZNK17MemgraphAdjacencyI11ExampleNodeE17getAdjacencyPairsEv
FN:179,179,_ZZNK17MemgraphAdjacencyI11ExampleNodeE17getAdjacencyPairsEvENKUlmE_clEm
FN:181,181,_ZZNK17MemgraphAdjacencyI11ExampleNodeE17getAdjacencyPairsEvENKUlRKT_E_clISt4pairIKmS0_EEEDaS4_
FN:184,184,_ZZZNK17MemgraphAdjacencyI11ExampleNodeE17getAdjacencyPairsEvENKUlRKT_E_clISt4pairIKmS0_EEEDaS4_ENKUlmE_clEm
FN:185,185,_ZZZNK17MemgraphAdjacencyI11ExampleNodeE17getAdjacencyPairsEvENKUlRKT_E_clISt4pairIKmS0_EEEDaS4_ENKUlmE0_clEm
FN:192,194,_ZNK17MemgraphAdjacencyI11ExampleNodeE21getDatabaseConnectionEv
FN:196,199,_ZN17MemgraphAdjacencyI11ExampleNodeE5clearEv
FN:197,197,_ZZN17MemgraphAdjacencyI11ExampleNodeE5clearEvENKUlmE_clEm
FN:47,49,_ZN17MemgraphAdjacencyI11ExampleNodeE19createNodeReferenceERKS0_
FN:51,53,_ZN17MemgraphAdjacencyI11ExampleNodeE17storeInKeyNodeMapERKS0_
FN:55,57,_ZN17MemgraphAdjacencyI11ExampleNodeE17storeInKeyNodeMapEOS0_
FN:59,61,_ZN17MemgraphAdjacencyI11ExampleNodeE20removeFromKeyNodeMapERKS0_
FN:64,64,_ZN17MemgraphAdjacencyI11ExampleNodeEC2EO14MemgraphClient
FN:70,74,_ZN17MemgraphAdjacencyI11ExampleNodeE12addAdjacencyERKS0_S3_
FN:76,85,_ZN17MemgraphAdjacencyI11ExampleNodeE12addAdjacencyEOS0_S2_
FN:87,97,_ZN17MemgraphAdjacencyI11ExampleNodeE14addAdjacenciesISt6vectorISt4pairIS0_S0_ESaIS5_EEEEbOT_
FN:88,88,_ZZN17MemgraphAdjacencyI11ExampleNodeE14addAdjacenciesISt6vectorISt4pairIS0_S0_ESaIS5_EEEEbOT_ENKUlRKS8_E_clIS5_EEDaSB_
FNDA:5,_ZN17MemgraphAdjacencyI11ExampleNodeE7addNodeEOS0_
FNDA:1,_ZN17MemgraphAdjacencyI11ExampleNodeE8addNodesIRNSt6ranges14transform_viewINS3_9iota_viewImjEEZN26MemgraphTest_addNodes_Test8TestBodyEvEUlmE_EEEEbOT_
FNDA:1,_ZN17MemgraphAdjacencyI11ExampleNodeE8addNodesIRNSt6ranges14transform_viewINS3_9iota_viewImjEEZN29MemgraphTest_removeNodes_Test8TestBodyEvEUlmE_EEEEbOT_
FNDA:1000,_ZZN17MemgraphAdjacencyI11ExampleNodeE8addNodesIRNSt6ranges14transform_viewINS3_9iota_viewImjEEZN26MemgraphTest_addNodes_Test8TestBodyEvEUlmE_EEEEbOT_ENKUlRKSB_E_clIS0_EEDaSE_
FNDA:250,_ZZN17MemgraphAdjacencyI11ExampleNodeE8addNodesIRNSt6ranges14transform_viewINS3_9iota_viewImjEEZN29MemgraphTest_removeNodes_Test8TestBodyEvEUlmE_EEEEbOT_ENKUlRKSB_E_clIS0_EEDaSE_
FNDA:1000,_ZZN17MemgraphAdjacencyI11ExampleNodeE8addNodesIRNSt6ranges14transform_viewINS3_9iota_viewImjEEZN26MemgraphTest_addNodes_Test8TestBodyEvEUlmE_EEEEbOT_ENKUlRKSB_E0_clIS0_EEDaSE_
FNDA:250,_ZZN17MemgraphAdjacencyI11ExampleNodeE8addNodesIRNSt6ranges14transform_viewINS3_9iota_viewImjEEZN29MemgraphTest_removeNodes_Test8TestBodyEvEUlmE_EEEEbOT_ENKUlRKSB_E0_clIS0_EEDaSE_
FNDA:1000,_ZZN17MemgraphAdjacencyI11ExampleNodeE8addNodesIRNSt6ranges14transform_viewINS3_9iota_viewImjEEZN26MemgraphTest_addNodes_Test8TestBodyEvEUlmE_EEEEbOT_ENKUlRKSB_E1_clIS0_EEDaSE_
FNDA:250,_ZZN17MemgraphAdjacencyI11ExampleNodeE8addNodesIRNSt6ranges14transform_viewINS3_9iota_viewImjEEZN29MemgraphTest_removeNodes_Test8TestBodyEvEUlmE_EEEEbOT_ENKUlRKSB_E1_clIS0_EEDaSE_
FNDA:1,_ZN17MemgraphAdjacencyI11ExampleNodeE10removeNodeERKS0_
FNDA:1,_ZN17MemgraphAdjacencyI11ExampleNodeE11removeNodesIRNSt6ranges9take_viewINS3_14transform_viewINS3_9iota_viewImjEEZN29MemgraphTest_removeNodes_Test8TestBodyEvEUlmE_EEEEEEbOT_
FNDA:1,_ZN17MemgraphAdjacencyI11ExampleNodeE11removeNodesIRSt6vectorIS0_SaIS0_EEEEbOT_
FNDA:125,_ZZN17MemgraphAdjacencyI11ExampleNodeE11removeNodesIRNSt6ranges9take_viewINS3_14transform_viewINS3_9iota_viewImjEEZN29MemgraphTest_removeNodes_Test8TestBodyEvEUlmE_EEEEEEbOT_ENKUlRKSD_E_clIS0_EEDaSG_
FNDA:2,_ZZN17MemgraphAdjacencyI11ExampleNodeE11removeNodesIRSt6vectorIS0_SaIS0_EEEEbOT_ENKUlRKS7_E_clIS0_EEDaSA_
FNDA:125,_ZZN17MemgraphAdjacencyI11ExampleNodeE11removeNodesIRNSt6ranges9take_viewINS3_14transform_viewINS3_9iota_viewImjEEZN29MemgraphTest_removeNodes_Test8TestBodyEvEUlmE_EEEEEEbOT_ENKUlRKSD_E0_clIS0_EEDaSG_
FNDA:2,_ZZN17MemgraphAdjacencyI11ExampleNodeE11removeNodesIRSt6vectorIS0_SaIS0_EEEEbOT_ENKUlRKS7_E0_clIS0_EEDaSA_
FNDA:3,_ZN17MemgraphAdjacencyI11ExampleNodeE15removeAdjacencyERKS0_S3_
FNDA:1,_ZN17MemgraphAdjacencyI11ExampleNodeE17removeAdjacenciesIRNSt6ranges11filter_viewINS3_8ref_viewISt6vectorISt4pairIS0_S0_ESaIS8_EEEEZN35MemgraphTest_removeAdjacencies_Test8TestBodyEvEUlRKT_E_EEEEbOSD_
FNDA:99,_ZZN17MemgraphAdjacencyI11ExampleNodeE17removeAdjacenciesIRNSt6ranges11filter_viewINS3_8ref_viewISt6vectorISt4pairIS0_S0_ESaIS8_EEEEZN35MemgraphTest_removeAdjacencies_Test8TestBodyEvEUlRKT_E_EEEEbOSD_ENKUlSF_E_clIS8_EEDaSF_
FNDA:5,_ZNK17MemgraphAdjacencyI11ExampleNodeE8containsERKS0_
FNDA:18,_ZNK17MemgraphAdjacencyI11ExampleNodeE12hasAdjacencyERKS0_S3_
FNDA:1,_ZNK17MemgraphAdjacencyI11ExampleNodeE9adjacencyERKS0_
FNDA:2,_ZZNK17MemgraphAdjacencyI11ExampleNodeE9adjacencyERKS0_ENKUlRKT_E_clISt4pairIKmS0_EEEDaS6_
FNDA:1,_ZZNK17MemgraphAdjacencyI11ExampleNodeE9adjacencyERKS0_ENKUlRKT_E0_clISt4pairIKmS0_EEEDaS6_
FNDA:9,_ZNK17MemgraphAdjacencyI11ExampleNodeE5nodesEv
FNDA:16,_ZNK17MemgraphAdjacencyI11ExampleNodeE17getAdjacencyPairsEv
FNDA:0,_ZZNK17MemgraphAdjacencyI11ExampleNodeE17getAdjacencyPairsEvENKUlmE_clEm
FNDA:0,_ZZNK17MemgraphAdjacencyI11ExampleNodeE17getAdjacencyPairsEvENKUlRKT_E_clISt4pairIKmS0_EEEDaS4_
FNDA:0,_ZZZNK17MemgraphAdjacencyI11ExampleNodeE17getAdjacencyPairsEvENKUlRKT_E_clISt4pairIKmS0_EEEDaS4_ENKUlmE_clEm
FNDA:0,_ZZZNK17MemgraphAdjacencyI11ExampleNodeE17getAdjacencyPairsEvENKUlRKT_E_clISt4pairIKmS0_EEEDaS4_ENKUlmE0_clEm
FNDA:32,_ZNK17MemgraphAdjacencyI11ExampleNodeE21getDatabaseConnectionEv
FNDA:1,_ZN17MemgraphAdjacencyI11ExampleNodeE5clearEv
FNDA:4,_ZZN17MemgraphAdjacencyI11ExampleNodeE5clearEvENKUlmE_clEm
FNDA:2021,_ZN17MemgraphAdjacencyI11ExampleNodeE19createNodeReferenceERKS0_
FNDA:1650,_ZN17MemgraphAdjacencyI11ExampleNodeE17storeInKeyNodeMapERKS0_
FNDA:38,_ZN17MemgraphAdjacencyI11ExampleNodeE17storeInKeyNodeMapEOS0_
FNDA:127,_ZN17MemgraphAdjacencyI11ExampleNodeE20removeFromKeyNodeMapERKS0_
FNDA:17,_ZN17MemgraphAdjacencyI11ExampleNodeEC2EO14MemgraphClient
FNDA:16,_ZN17MemgraphAdjacencyI11ExampleNodeE12addAdjacencyERKS0_S3_
FNDA:17,_ZN17MemgraphAdjacencyI11ExampleNodeE12addAdjacencyEOS0_S2_
FNDA:2,_ZN17MemgraphAdjacencyI11ExampleNodeE14addAdjacenciesISt6vectorISt4pairIS0_S0_ESaIS5_EEEEbOT_
FNDA:200,_ZZN17MemgraphAdjacencyI11ExampleNodeE14addAdjacenciesISt6vectorISt4pairIS0_S0_ESaIS5_EEEEbOT_ENKUlRKS8_E_clIS5_EEDaSB_
FNF:42
FNH:38
DA:47,2021
DA:48,2021
DA:51,1650
DA:52,1650
DA:53,1650
DA:55,38
DA:56,38
DA:57,38
DA:59,127
DA:60,127
DA:61,127
DA:64,17
DA:70,16
DA:71,16
DA:72,16
DA:73,16
DA:76,17
DA:77,17
DA:78,0
DA:79,17
DA:80,17
DA:81,17
DA:82,17
DA:84,0
DA:87,2
DA:88,202
DA:89,2
DA:90,202
DA:91,200
DA:92,200
DA:94,2
DA:96,0
DA:104,5
DA:105,5
DA:106,1
DA:108,4
DA:109,4
DA:110,4
DA:112,0
DA:115,2
DA:116,2
DA:117,1252
DA:118,1254
DA:120,1252
DA:121,2
DA:123,0
DA:127,1
DA:128,1
DA:129,1
DA:130,1
DA:132,0
DA:135,2
DA:136,2
DA:137,131
DA:139,129
DA:140,2
DA:142,0
DA:145,3
DA:146,3
DA:149,1
DA:150,1
DA:151,101
DA:152,2
DA:155,5
DA:156,5
DA:157,1
DA:158,4
DA:161,18
DA:162,18
DA:165,1
DA:166,1
DA:167,1
DA:168,4
DA:169,4
DA:170,1
DA:172,9
DA:173,9
DA:177,16
DA:178,16
DA:179,0
DA:180,16
DA:181,0
DA:182,0
DA:184,0
DA:185,0
DA:186,0
DA:187,0
DA:189,32
DA:190,16
DA:192,32
DA:193,32
DA:196,1
DA:197,5
DA:198,1
DA:199,1
LF:95
LH:81
end_of_record
TN:
SF:/home/lolo/Documents/fishnet/app/sda-workflow/shared/memgraph/MemgraphClient.hpp
FN:108,122,_ZNK14MemgraphClient10insertEdgeERK13NodeReferenceS2_
FN:128,149,_ZNK14MemgraphClient11insertEdgesIRNSt6ranges14transform_viewINS1_8ref_viewISt6vectorISt4pairI11ExampleNodeS6_ESaIS7_EEEEZN17MemgraphAdjacencyIS6_E14addAdjacenciesIS9_EEbOT_EUlRKSE_E_EEEEbSF_
FN:151,159,_ZNK14MemgraphClient10insertNodeERK13NodeReference
FN:161,176,_ZNK14MemgraphClient11insertNodesINSt6ranges14transform_viewINS1_11filter_viewINS2_INS1_9iota_viewImjEEZN26MemgraphTest_addNodes_Test8TestBodyEvEUlmE_EEZN17MemgraphAdjacencyI11ExampleNodeE8addNodesIRS8_EEbOT_EUlRKSE_E_EEZNSC_ISD_EEbSF_EUlSH_E0_EEEEbSF_
FN:161,176,_ZNK14MemgraphClient11insertNodesINSt6ranges14transform_viewINS1_11filter_viewINS2_INS1_9iota_viewImjEEZN29MemgraphTest_removeNodes_Test8TestBodyEvEUlmE_EEZN17MemgraphAdjacencyI11ExampleNodeE8addNodesIRS8_EEbOT_EUlRKSE_E_EEZNSC_ISD_EEbSF_EUlSH_E0_EEEEbSF_
FN:178,184,_ZNK14MemgraphClient10removeNodeERK13NodeReference
FN:186,199,_ZNK14MemgraphClient11removeNodesINSt6ranges14transform_viewINS1_13elements_viewINS1_8ref_viewISt13unordered_mapIm11ExampleNodeSt4hashImESt8equal_toImESaISt4pairIKmS6_EEEEELm0EEEZN17MemgraphAdjacencyIS6_E5clearEvEUlmE_EEEEbOT_
FN:186,199,_ZNK14MemgraphClient11removeNodesINSt6ranges14transform_viewINS1_8ref_viewISt6vectorI11ExampleNodeSaIS5_EEEEZN17MemgraphAdjacencyIS5_E11removeNodesIRS7_EEbOT_EUlRKSD_E_EEEEbSE_
FN:186,199,_ZNK14MemgraphClient11removeNodesINSt6ranges14transform_viewINS1_9take_viewINS2_INS1_9iota_viewImjEEZN29MemgraphTest_removeNodes_Test8TestBodyEvEUlmE_EEEEZN17MemgraphAdjacencyI11ExampleNodeE11removeNodesIRS9_EEbOT_EUlRKSF_E_EEEEbSG_
FN:201,208,_ZNK14MemgraphClient10removeEdgeERK13NodeReferenceS2_
FN:210,224,_ZNK14MemgraphClient11removeEdgesINSt6ranges14transform_viewINS1_11filter_viewINS1_8ref_viewISt6vectorISt4pairI11ExampleNodeS7_ESaIS8_EEEEZN35MemgraphTest_removeAdjacencies_Test8TestBodyEvEUlRKT_E_EEZN17MemgraphAdjacencyIS7_E17removeAdjacenciesIRSH_EEbOSD_EUlSF_E_EEEEbSM_
FN:284,290,_ZNK14MemgraphClient12containsNodeEm
FN:292,305,_ZNK14MemgraphClient12containsEdgeEmm
FN:307,325,_ZNK14MemgraphClient9adjacencyERK13NodeReference
FN:327,345,_ZNK14MemgraphClient5edgesEv
FN:385,387,_ZNK14MemgraphClient8clearAllEv
FN:44,46,_ZN14MemgraphClient5asIntEm
FN:48,50,_ZN14MemgraphClient12asNodeIdTypeEl
FN:52,56,_ZN14MemgraphClientC2EO18MemgraphConnection
FN:68,72,_ZNK14MemgraphClient17createConstraintsEv
FN:74,81,_ZNK14MemgraphClient13createIndexesEv
FN:89,106,_ZNK14MemgraphClient16addFileReferenceERKNSt10filesystem7__cxx114pathE
FNDA:17,_ZNK14MemgraphClient10insertEdgeERK13NodeReferenceS2_
FNDA:2,_ZNK14MemgraphClient11insertEdgesIRNSt6ranges14transform_viewINS1_8ref_viewISt6vectorISt4pairI11ExampleNodeS6_ESaIS7_EEEEZN17MemgraphAdjacencyIS6_E14addAdjacenciesIS9_EEbOT_EUlRKSE_E_EEEEbSF_
FNDA:4,_ZNK14MemgraphClient10insertNodeERK13NodeReference
FNDA:1,_ZNK14MemgraphClient11insertNodesINSt6ranges14transform_viewINS1_11filter_viewINS2_INS1_9iota_viewImjEEZN26MemgraphTest_addNodes_Test8TestBodyEvEUlmE_EEZN17MemgraphAdjacencyI11ExampleNodeE8addNodesIRS8_EEbOT_EUlRKSE_E_EEZNSC_ISD_EEbSF_EUlSH_E0_EEEEbSF_
FNDA:1,_ZNK14MemgraphClient11insertNodesINSt6ranges14transform_viewINS1_11filter_viewINS2_INS1_9iota_viewImjEEZN29MemgraphTest_removeNodes_Test8TestBodyEvEUlmE_EEZN17MemgraphAdjacencyI11ExampleNodeE8addNodesIRS8_EEbOT_EUlRKSE_E_EEZNSC_ISD_EEbSF_EUlSH_E0_EEEEbSF_
FNDA:1,_ZNK14MemgraphClient10removeNodeERK13NodeReference
FNDA:1,_ZNK14MemgraphClient11removeNodesINSt6ranges14transform_viewINS1_13elements_viewINS1_8ref_viewISt13unordered_mapIm11ExampleNodeSt4hashImESt8equal_toImESaISt4pairIKmS6_EEEEELm0EEEZN17MemgraphAdjacencyIS6_E5clearEvEUlmE_EEEEbOT_
FNDA:1,_ZNK14MemgraphClient11removeNodesINSt6ranges14transform_viewINS1_8ref_viewISt6vectorI11ExampleNodeSaIS5_EEEEZN17MemgraphAdjacencyIS5_E11removeNodesIRS7_EEbOT_EUlRKSD_E_EEEEbSE_
FNDA:1,_ZNK14MemgraphClient11removeNodesINSt6ranges14transform_viewINS1_9take_viewINS2_INS1_9iota_viewImjEEZN29MemgraphTest_removeNodes_Test8TestBodyEvEUlmE_EEEEZN17MemgraphAdjacencyI11ExampleNodeE11removeNodesIRS9_EEbOT_EUlRKSF_E_EEEEbSG_
FNDA:3,_ZNK14MemgraphClient10removeEdgeERK13NodeReferenceS2_
FNDA:1,_ZNK14MemgraphClient11removeEdgesINSt6ranges14transform_viewINS1_11filter_viewINS1_8ref_viewISt6vectorISt4pairI11ExampleNodeS7_ESaIS8_EEEEZN35MemgraphTest_removeAdjacencies_Test8TestBodyEvEUlRKT_E_EEZN17MemgraphAdjacencyIS7_E17removeAdjacenciesIRSH_EEbOSD_EUlSF_E_EEEEbSM_
FNDA:4,_ZNK14MemgraphClient12containsNodeEm
FNDA:18,_ZNK14MemgraphClient12containsEdgeEmm
FNDA:1,_ZNK14MemgraphClient9adjacencyERK13NodeReference
FNDA:16,_ZNK14MemgraphClient5edgesEv
FNDA:16,_ZNK14MemgraphClient8clearAllEv
FNDA:3629,_ZN14MemgraphClient5asIntEm
FNDA:1,_ZN14MemgraphClient12asNodeIdTypeEl
FNDA:17,_ZN14MemgraphClientC2EO18MemgraphConnection
FNDA:17,_ZNK14MemgraphClient17createConstraintsEv
FNDA:17,_ZNK14MemgraphClient13createIndexesEv
FNDA:16,_ZNK14MemgraphClient16addFileReferenceERKNSt10filesystem7__cxx114pathE
FNF:22
FNH:22
DA:44,3629
DA:45,3629
DA:48,1
DA:49,1
DA:52,17
DA:53,17
DA:54,0
DA:56,17
DA:68,17
DA:69,17
DA:70,34
DA:71,34
DA:74,17
DA:75,17
DA:76,34
DA:77,34
DA:78,34
DA:79,34
DA:80,34
DA:89,16
DA:90,16
DA:91,16
DA:92,0
DA:94,16
DA:95,16
DA:96,16
DA:97,16
DA:98,16
DA:99,0
DA:101,16
DA:102,16
DA:103,16
DA:105,0
DA:106,16
DA:108,17
DA:109,34
DA:110,17
DA:111,17
DA:112,17
DA:113,17
DA:114,17
DA:115,17
DA:116,17
DA:117,34
DA:118,17
DA:119,17
DA:120,17
DA:121,17
DA:128,2
DA:129,2
DA:130,2
DA:131,2
DA:132,2
DA:133,2
DA:134,2
DA:135,2
DA:136,2
DA:137,2
DA:138,2
DA:139,202
DA:140,200
DA:141,200
DA:142,200
DA:143,200
DA:144,200
DA:145,200
DA:147,2
DA:148,2
DA:149,2
DA:151,4
DA:152,8
DA:153,4
DA:154,4
DA:155,4
DA:156,8
DA:157,4
DA:158,4
DA:161,2
DA:162,2
DA:163,2
DA:164,2
DA:165,2
DA:166,2
DA:167,2
DA:168,1252
DA:169,1250
DA:170,1250
DA:171,1250
DA:172,1250
DA:174,2
DA:175,2
DA:176,2
DA:178,1
DA:179,2
DA:180,1
DA:181,2
DA:182,1
DA:183,1
DA:186,3
DA:187,3
DA:188,3
DA:189,3
DA:190,3
DA:191,3
DA:192,134
DA:193,131
DA:194,131
DA:195,131
DA:197,3
DA:198,3
DA:199,3
DA:201,3
DA:202,6
DA:203,3
DA:204,3
DA:205,6
DA:206,3
DA:207,3
DA:210,1
DA:211,1
DA:212,1
DA:213,1
DA:214,1
DA:215,1
DA:216,100
DA:217,99
DA:218,99
DA:219,99
DA:220,99
DA:222,1
DA:223,1
DA:224,1
DA:284,4
DA:285,4
DA:286,4
DA:287,4
DA:288,4
DA:289,0
DA:292,18
DA:293,18
DA:294,36
DA:295,18
DA:296,18
DA:297,18
DA:298,18
DA:299,18
DA:301,18
DA:302,18
DA:303,18
DA:304,0
DA:307,1
DA:308,1
DA:309,2
DA:310,1
DA:311,1
DA:312,1
DA:313,1
DA:315,1
DA:316,2
DA:317,1
DA:318,1
DA:319,1
DA:321,3
DA:322,1
DA:323,1
DA:324,0
DA:327,16
DA:328,16
DA:329,32
DA:330,16
DA:331,16
DA:332,16
DA:334,16
DA:335,16
DA:336,0
DA:337,0
DA:338,0
DA:339,0
DA:340,0
DA:341,16
DA:342,16
DA:343,16
DA:344,0
DA:385,16
DA:386,16
LF:185
LH:172
end_of_record
TN:
SF:/home/lolo/Documents/fishnet/app/sda-workflow/shared/memgraph/MemgraphConnection.hpp
FN:100,103,_ZN5Query6appendIRA10_KcEERS_OT_
FN:100,103,_ZN5Query6appendIRA14_KcEERS_OT_
FN:100,103,_ZN5Query6appendIRA22_KcEERS_OT_
FN:100,103,_ZN5Query6appendIRA25_KcEERS_OT_
FN:100,103,_ZN5Query6appendIRA26_KcEERS_OT_
FN:100,103,_ZN5Query6appendIRA27_KcEERS_OT_
FN:100,103,_ZN5Query6appendIRA29_KcEERS_OT_
FN:100,103,_ZN5Query6appendIRA30_KcEERS_OT_
FN:100,103,_ZN5Query6appendIRA31_KcEERS_OT_
FN:100,103,_ZN5Query6appendIRA33_KcEERS_OT_
FN:100,103,_ZN5Query6appendIRA51_KcEERS_OT_
FN:100,103,_ZN5Query6appendIRA52_KcEERS_OT_
FN:106,109,_ZN5Query4lineIRA11_KcEERS_OT_
FN:106,109,_ZN5Query4lineIRA16_KcEERS_OT_
FN:106,109,_ZN5Query4lineIRA17_KcEERS_OT_
FN:106,109,_ZN5Query4lineIRA32_KcEERS_OT_
FN:106,109,_ZN5Query4lineIRA9_KcEERS_OT_
FN:124,129,_ZN5Query7executeERK18MemgraphConnection
FN:131,136,_ZN5Query17executeAndDiscardERK18MemgraphConnection
FN:148,148,_ZN18ParameterizedQueryC2Ev
FN:15,16,_ZN18MemgraphConnectionC2EOSt10unique_ptrIN2mg6ClientESt14default_deleteIS2_EERKNS2_6ParamsE
FN:153,156,_ZN18ParameterizedQueryC2ERKS_
FN:168,179,_ZN18ParameterizedQueryplERKS_
FN:18,20,_ZN18MemgraphConnectionC2EOS_
FN:187,190,_ZN18ParameterizedQuery6appendIRA13_KcEERS_OT_
FN:187,190,_ZN18ParameterizedQuery6appendIRA28_KcEERS_OT_
FN:193,196,_ZN18ParameterizedQuery4lineINSt7__cxx1112basic_stringIcSt11char_traitsIcESaIcEEEEERS_OT_
FN:193,196,_ZN18ParameterizedQuery4lineIRA12_KcEERS_OT_
FN:193,196,_ZN18ParameterizedQuery4lineIRA13_KcEERS_OT_
FN:193,196,_ZN18ParameterizedQuery4lineIRA16_KcEERS_OT_
FN:193,196,_ZN18ParameterizedQuery4lineIRA17_KcEERS_OT_
FN:193,196,_ZN18ParameterizedQuery4lineIRA21_KcEERS_OT_
FN:193,196,_ZN18ParameterizedQuery4lineIRA22_KcEERS_OT_
FN:193,196,_ZN18ParameterizedQuery4lineIRA24_KcEERS_OT_
FN:193,196,_ZN18ParameterizedQuery4lineIRA25_KcEERS_OT_
FN:193,196,_ZN18ParameterizedQuery4lineIRA26_KcEERS_OT_
FN:193,196,_ZN18ParameterizedQuery4lineIRA28_KcEERS_OT_
FN:193,196,_ZN18ParameterizedQuery4lineIRA29_KcEERS_OT_
FN:193,196,_ZN18ParameterizedQuery4lineIRA30_KcEERS_OT_
FN:193,196,_ZN18ParameterizedQuery4lineIRA32_KcEERS_OT_
FN:193,196,_ZN18ParameterizedQuery4lineIRA37_KcEERS_OT_
FN:193,196,_ZN18ParameterizedQuery4lineIRA39_KcEERS_OT_
FN:193,196,_ZN18ParameterizedQuery4lineIRA40_KcEERS_OT_
FN:193,196,_ZN18ParameterizedQuery4lineIRA41_KcEERS_OT_
FN:193,196,_ZN18ParameterizedQuery4lineIRA43_KcEERS_OT_
FN:193,196,_ZN18ParameterizedQuery4lineIRA51_KcEERS_OT_
FN:193,196,_ZN18ParameterizedQuery4lineIRA52_KcEERS_OT_
FN:193,196,_ZN18ParameterizedQuery4lineIRA54_KcEERS_OT_
FN:193,196,_ZN18ParameterizedQuery4lineIRA57_KcEERS_OT_
FN:193,196,_ZN18ParameterizedQuery4lineIRA59_KcEERS_OT_
FN:193,196,_ZN18ParameterizedQuery4lineIRA9_KcEERS_OT_
FN:202,205,_ZN18ParameterizedQuery3setESt17basic_string_viewIcSt11char_traitsIcEEON2mg5ValueE
FN:207,210,_ZN18ParameterizedQuery6setIntESt17basic_string_viewIcSt11char_traitsIcEEl
FN:212,215,_ZN18ParameterizedQuery6setIntESt17basic_string_viewIcSt11char_traitsIcEEm
FN:22,25,_ZN18MemgraphConnectionaSEOS_
FN:221,223,_ZNK18ParameterizedQuery8getQueryB5cxx11Ev
FN:225,227,_ZN18ParameterizedQuery8getQueryB5cxx11Ev
FN:234,248,_ZN18ParameterizedQuery7executeERK18MemgraphConnection
FN:250,255,_ZN18ParameterizedQuery17executeAndDiscardERK18MemgraphConnection
FN:27,30,_ZNK18MemgraphConnection5retryEv
FN:37,48,_ZN18MemgraphConnection6createB5cxx11ERKN2mg6Client6ParamsE
FN:57,63,_ZN18MemgraphConnection6createENSt7__cxx1112basic_stringIcSt11char_traitsIcESaIcEEEt
FN:69,71,_ZNK18MemgraphConnection11isConnectedEv
FN:73,75,_ZNK18MemgraphConnectionptEv
FN:77,80,_ZN18MemgraphConnectionD2Ev
FN:93,95,_ZN5QueryC2IRA10_KcEEOT_
FN:93,95,_ZN5QueryC2IRA14_KcEEOT_
FN:93,95,_ZN5QueryC2IRA22_KcEEOT_
FN:93,95,_ZN5QueryC2IRA25_KcEEOT_
FN:93,95,_ZN5QueryC2IRA26_KcEEOT_
FN:93,95,_ZN5QueryC2IRA27_KcEEOT_
FN:93,95,_ZN5QueryC2IRA29_KcEEOT_
FN:93,95,_ZN5QueryC2IRA30_KcEEOT_
FN:93,95,_ZN5QueryC2IRA31_KcEEOT_
FN:93,95,_ZN5QueryC2IRA33_KcEEOT_
FN:93,95,_ZN5QueryC2IRA51_KcEEOT_
FN:93,95,_ZN5QueryC2IRA52_KcEEOT_
FN:97,97,_ZN5QueryC2Ev
FNDA:16,_ZN5Query6appendIRA10_KcEERS_OT_
FNDA:23,_ZN5Query6appendIRA14_KcEERS_OT_
FNDA:17,_ZN5Query6appendIRA22_KcEERS_OT_
FNDA:15,_ZN5Query6appendIRA25_KcEERS_OT_
FNDA:34,_ZN5Query6appendIRA26_KcEERS_OT_
FNDA:17,_ZN5Query6appendIRA27_KcEERS_OT_
FNDA:32,_ZN5Query6appendIRA29_KcEERS_OT_
FNDA:17,_ZN5Query6appendIRA30_KcEERS_OT_
FNDA:15,_ZN5Query6appendIRA31_KcEERS_OT_
FNDA:22,_ZN5Query6appendIRA33_KcEERS_OT_
FNDA:45,_ZN5Query6appendIRA51_KcEERS_OT_
FNDA:66,_ZN5Query6appendIRA52_KcEERS_OT_
FNDA:22,_ZN5Query4lineIRA11_KcEERS_OT_
FNDA:16,_ZN5Query4lineIRA16_KcEERS_OT_
FNDA:16,_ZN5Query4lineIRA17_KcEERS_OT_
FNDA:16,_ZN5Query4lineIRA32_KcEERS_OT_
FNDA:23,_ZN5Query4lineIRA9_KcEERS_OT_
FNDA:61,_ZN5Query7executeERK18MemgraphConnection
FNDA:274,_ZN5Query17executeAndDiscardERK18MemgraphConnection
FNDA:235,_ZN18ParameterizedQueryC2Ev
FNDA:32,_ZN18MemgraphConnectionC2EOSt10unique_ptrIN2mg6ClientESt14default_deleteIS2_EERKNS2_6ParamsE
FNDA:119,_ZN18ParameterizedQueryC2ERKS_
FNDA:31,_ZN18ParameterizedQueryplERKS_
FNDA:114,_ZN18MemgraphConnectionC2EOS_
FNDA:16,_ZN18ParameterizedQuery6appendIRA13_KcEERS_OT_
FNDA:16,_ZN18ParameterizedQuery6appendIRA28_KcEERS_OT_
FNDA:181,_ZN18ParameterizedQuery4lineINSt7__cxx1112basic_stringIcSt11char_traitsIcESaIcEEEEERS_OT_
FNDA:1,_ZN18ParameterizedQuery4lineIRA12_KcEERS_OT_
FNDA:37,_ZN18ParameterizedQuery4lineIRA13_KcEERS_OT_
FNDA:12,_ZN18ParameterizedQuery4lineIRA16_KcEERS_OT_
FNDA:1,_ZN18ParameterizedQuery4lineIRA17_KcEERS_OT_
FNDA:8,_ZN18ParameterizedQuery4lineIRA21_KcEERS_OT_
FNDA:19,_ZN18ParameterizedQuery4lineIRA22_KcEERS_OT_
FNDA:22,_ZN18ParameterizedQuery4lineIRA24_KcEERS_OT_
FNDA:41,_ZN18ParameterizedQuery4lineIRA25_KcEERS_OT_
FNDA:55,_ZN18ParameterizedQuery4lineIRA26_KcEERS_OT_
FNDA:7,_ZN18ParameterizedQuery4lineIRA28_KcEERS_OT_
FNDA:4,_ZN18ParameterizedQuery4lineIRA29_KcEERS_OT_
FNDA:2,_ZN18ParameterizedQuery4lineIRA30_KcEERS_OT_
FNDA:4,_ZN18ParameterizedQuery4lineIRA32_KcEERS_OT_
FNDA:17,_ZN18ParameterizedQuery4lineIRA37_KcEERS_OT_
FNDA:17,_ZN18ParameterizedQuery4lineIRA39_KcEERS_OT_
FNDA:1,_ZN18ParameterizedQuery4lineIRA40_KcEERS_OT_
FNDA:4,_ZN18ParameterizedQuery4lineIRA41_KcEERS_OT_
FNDA:2,_ZN18ParameterizedQuery4lineIRA43_KcEERS_OT_
FNDA:18,_ZN18ParameterizedQuery4lineIRA51_KcEERS_OT_
FNDA:9,_ZN18ParameterizedQuery4lineIRA52_KcEERS_OT_
FNDA:4,_ZN18ParameterizedQuery4lineIRA54_KcEERS_OT_
FNDA:3,_ZN18ParameterizedQuery4lineIRA57_KcEERS_OT_
FNDA:1,_ZN18ParameterizedQuery4lineIRA59_KcEERS_OT_
FNDA:4,_ZN18ParameterizedQuery4lineIRA9_KcEERS_OT_
FNDA:348,_ZN18ParameterizedQuery3setESt17basic_string_viewIcSt11char_traitsIcEEON2mg5ValueE
FNDA:38,_ZN18ParameterizedQuery6setIntESt17basic_string_viewIcSt11char_traitsIcEEl
FNDA:231,_ZN18ParameterizedQuery6setIntESt17basic_string_viewIcSt11char_traitsIcEEm
FNDA:0,_ZN18MemgraphConnectionaSEOS_
FNDA:150,_ZNK18ParameterizedQuery8getQueryB5cxx11Ev
FNDA:31,_ZN18ParameterizedQuery8getQueryB5cxx11Ev
FNDA:173,_ZN18ParameterizedQuery7executeERK18MemgraphConnection
FNDA:115,_ZN18ParameterizedQuery17executeAndDiscardERK18MemgraphConnection
FNDA:0,_ZNK18MemgraphConnection5retryEv
FNDA:33,_ZN18MemgraphConnection6createB5cxx11ERKN2mg6Client6ParamsE
FNDA:33,_ZN18MemgraphConnection6createENSt7__cxx1112basic_stringIcSt11char_traitsIcESaIcEEEt
FNDA:15,_ZNK18MemgraphConnection11isConnectedEv
FNDA:1151,_ZNK18MemgraphConnectionptEv
FNDA:146,_ZN18MemgraphConnectionD2Ev
FNDA:16,_ZN5QueryC2IRA10_KcEEOT_
FNDA:23,_ZN5QueryC2IRA14_KcEEOT_
FNDA:17,_ZN5QueryC2IRA22_KcEEOT_
FNDA:15,_ZN5QueryC2IRA25_KcEEOT_
FNDA:34,_ZN5QueryC2IRA26_KcEEOT_
FNDA:17,_ZN5QueryC2IRA27_KcEEOT_
FNDA:32,_ZN5QueryC2IRA29_KcEEOT_
FNDA:17,_ZN5QueryC2IRA30_KcEEOT_
FNDA:15,_ZN5QueryC2IRA31_KcEEOT_
FNDA:22,_ZN5QueryC2IRA33_KcEEOT_
FNDA:45,_ZN5QueryC2IRA51_KcEEOT_
FNDA:66,_ZN5QueryC2IRA52_KcEEOT_
FNDA:16,_ZN5QueryC2Ev
FNF:78
FNH:76
DA:15,32
DA:16,32
DA:18,114
DA:19,114
DA:20,114
DA:22,0
DA:23,0
DA:24,0
DA:27,0
DA:28,0
DA:29,0
DA:37,33
DA:38,33
DA:39,33
DA:40,1
DA:41,1
DA:42,1
DA:43,1
DA:44,1
DA:45,1
DA:46,1
DA:47,32
DA:48,33
DA:57,33
DA:58,33
DA:59,33
DA:60,33
DA:61,33
DA:62,66
DA:63,33
DA:69,15
DA:70,15
DA:73,1151
DA:74,1151
DA:77,146
DA:78,146
DA:79,146
DA:80,146
DA:93,319
DA:94,319
DA:95,319
DA:97,16
DA:100,319
DA:101,319
DA:102,319
DA:106,93
DA:107,93
DA:108,93
DA:124,61
DA:125,61
DA:126,61
DA:127,0
DA:128,61
DA:131,274
DA:132,274
DA:133,274
DA:134,274
DA:135,274
DA:148,235
DA:153,119
DA:154,119
DA:155,119
DA:156,119
DA:168,31
DA:169,31
DA:170,155
DA:171,124
DA:173,155
DA:174,124
DA:176,31
DA:177,31
DA:178,31
DA:187,32
DA:188,32
DA:189,32
DA:193,474
DA:194,474
DA:195,474
DA:202,348
DA:203,696
DA:204,348
DA:207,38
DA:208,114
DA:209,38
DA:212,231
DA:213,693
DA:214,231
DA:221,150
DA:222,150
DA:225,31
DA:226,31
DA:234,173
DA:235,173
DA:236,790
DA:237,617
DA:239,173
DA:240,173
DA:241,0
DA:243,173
DA:244,0
DA:245,0
DA:247,173
DA:248,173
DA:250,115
DA:251,115
DA:252,115
DA:253,115
DA:254,115
LF:108
LH:98
end_of_record
TN:
SF:/home/lolo/Documents/fishnet/lib/geometry/algorithm/include/fishnet/BoundingBoxPolygon.hpp
FN:23,23,_ZN7fishnet8geometry18BoundingBoxPolygonINS0_13SimplePolygonIdEEEC2ERKS3_
FN:23,23,_ZN7fishnet8geometry18BoundingBoxPolygonINS0_7PolygonIdEEEC2ERKS3_
FN:31,31,_ZN7fishnet8geometry18BoundingBoxPolygonINS0_13SimplePolygonIdEEEC2ERKS3_RKNS0_9RectangleIdEE
FN:33,35,_ZNK7fishnet8geometry18BoundingBoxPolygonINS0_13SimplePolygonIdEEE14getBoundingBoxEv
FN:33,35,_ZNK7fishnet8geometry18BoundingBoxPolygonINS0_7PolygonIdEEE14getBoundingBoxEv
FN:37,39,_ZNK7fishnet8geometry18BoundingBoxPolygonINS0_13SimplePolygonIdEEE10getPolygonEv
FN:37,39,_ZNK7fishnet8geometry18BoundingBoxPolygonINS0_7PolygonIdEEE10getPolygonEv
FN:92,97,_ZNK7fishnet8geometry22HorizontalAABBOrderingINS0_13SimplePolygonIdEEEclERKNS0_18BoundingBoxPolygonIS3_EES8_
FN:92,97,_ZNK7fishnet8geometry22HorizontalAABBOrderingINS0_7PolygonIdEEEclERKNS0_18BoundingBoxPolygonIS3_EES8_
FNDA:6,_ZN7fishnet8geometry18BoundingBoxPolygonINS0_13SimplePolygonIdEEEC2ERKS3_
FNDA:0,_ZN7fishnet8geometry18BoundingBoxPolygonINS0_7PolygonIdEEEC2ERKS3_
FNDA:15,_ZN7fishnet8geometry18BoundingBoxPolygonINS0_13SimplePolygonIdEEEC2ERKS3_RKNS0_9RectangleIdEE
FNDA:1396,_ZNK7fishnet8geometry18BoundingBoxPolygonINS0_13SimplePolygonIdEEE14getBoundingBoxEv
FNDA:0,_ZNK7fishnet8geometry18BoundingBoxPolygonINS0_7PolygonIdEEE14getBoundingBoxEv
FNDA:128,_ZNK7fishnet8geometry18BoundingBoxPolygonINS0_13SimplePolygonIdEEE10getPolygonEv
FNDA:0,_ZNK7fishnet8geometry18BoundingBoxPolygonINS0_7PolygonIdEEE10getPolygonEv
FNDA:203,_ZNK7fishnet8geometry22HorizontalAABBOrderingINS0_13SimplePolygonIdEEEclERKNS0_18BoundingBoxPolygonIS3_EES8_
FNDA:0,_ZNK7fishnet8geometry22HorizontalAABBOrderingINS0_7PolygonIdEEEclERKNS0_18BoundingBoxPolygonIS3_EES8_
FNF:9
FNH:5
DA:23,6
DA:31,15
DA:33,1396
DA:34,1396
DA:37,128
DA:38,128
DA:92,203
DA:93,203
DA:94,74
DA:96,129
LF:10
LH:10
end_of_record
TN:
SF:/home/lolo/Documents/fishnet/lib/geometry/algorithm/include/fishnet/ContainedOrInHoleFilter.hpp
FN:9,11,_ZN7fishnet8geometry23ContainedOrInHoleFilterclINS0_13SimplePolygonIdEES4_EEbRKT_RKT0_
FNDA:3,_ZN7fishnet8geometry23ContainedOrInHoleFilterclINS0_13SimplePolygonIdEES4_EEbRKT_RKT0_
FNF:1
FNH:1
DA:9,3
DA:10,3
LF:2
LH:2
end_of_record
TN:
SF:/home/lolo/Documents/fishnet/lib/geometry/algorithm/include/fishnet/LinearIntersection.hpp
FN:15,26,_ZN7fishnet8geometryL18linearIntersectionINS0_4LineIdEENS2_IiEEEESt8optionalINS0_5Vec2DIdEEERKT_RKT0_
FN:15,26,_ZN7fishnet8geometryL18linearIntersectionINS0_4LineIdEES3_EESt8optionalINS0_5Vec2DIdEEERKT_RKT0_
FN:15,26,_ZN7fishnet8geometryL18linearIntersectionINS0_4LineIiEENS2_IdEEEESt8optionalINS0_5Vec2DIdEEERKT_RKT0_
FN:15,26,_ZN7fishnet8geometryL18linearIntersectionINS0_4LineIiEES3_EESt8optionalINS0_5Vec2DIdEEERKT_RKT0_
FN:35,39,_ZN7fishnet8geometryL18linearIntersectionINS0_3RayIiEENS0_4LineIdEEEESt8optionalINS0_5Vec2DIdEEERKT_RKT0_
FN:35,39,_ZN7fishnet8geometryL18linearIntersectionINS0_3RayIiEENS0_7SegmentIiEEEESt8optionalINS0_5Vec2DIdEEERKT_RKT0_
FN:35,39,_ZN7fishnet8geometryL18linearIntersectionINS0_3RayIiEENS2_IdEEEESt8optionalINS0_5Vec2DIdEEERKT_RKT0_
FN:35,39,_ZN7fishnet8geometryL18linearIntersectionINS0_3RayIiEES3_EESt8optionalINS0_5Vec2DIdEEERKT_RKT0_
FN:35,39,_ZN7fishnet8geometryL18linearIntersectionINS0_4LineIiEENS0_7SegmentIiEEEESt8optionalINS0_5Vec2DIdEEERKT_RKT0_
FN:35,39,_ZN7fishnet8geometryL18linearIntersectionINS0_7SegmentIdEENS0_3RayIdEEEESt8optionalINS0_5Vec2DIdEEERKT_RKT0_
FN:35,39,_ZN7fishnet8geometryL18linearIntersectionINS0_7SegmentIdEENS0_3RayIiEEEESt8optionalINS0_5Vec2DIdEEERKT_RKT0_
FN:35,39,_ZN7fishnet8geometryL18linearIntersectionINS0_7SegmentIdEENS0_4LineIdEEEESt8optionalINS0_5Vec2DIdEEERKT_RKT0_
FN:35,39,_ZN7fishnet8geometryL18linearIntersectionINS0_7SegmentIdEENS0_4LineIiEEEESt8optionalINS0_5Vec2DIdEEERKT_RKT0_
FN:35,39,_ZN7fishnet8geometryL18linearIntersectionINS0_7SegmentIdEENS2_IiEEEESt8optionalINS0_5Vec2DIdEEERKT_RKT0_
FN:35,39,_ZN7fishnet8geometryL18linearIntersectionINS0_7SegmentIdEES3_EESt8optionalINS0_5Vec2DIdEEERKT_RKT0_
FN:35,39,_ZN7fishnet8geometryL18linearIntersectionINS0_7SegmentIiEENS0_3RayIiEEEESt8optionalINS0_5Vec2DIdEEERKT_RKT0_
FN:35,39,_ZN7fishnet8geometryL18linearIntersectionINS0_7SegmentIiEENS0_4LineIdEEEESt8optionalINS0_5Vec2DIdEEERKT_RKT0_
FN:35,39,_ZN7fishnet8geometryL18linearIntersectionINS0_7SegmentIiEENS0_4LineIiEEEESt8optionalINS0_5Vec2DIdEEERKT_RKT0_
FN:35,39,_ZN7fishnet8geometryL18linearIntersectionINS0_7SegmentIiEENS2_IdEEEESt8optionalINS0_5Vec2DIdEEERKT_RKT0_
FN:35,39,_ZN7fishnet8geometryL18linearIntersectionINS0_7SegmentIiEES3_EESt8optionalINS0_5Vec2DIdEEERKT_RKT0_
FN:41,43,_ZN7fishnet8geometryL11areParallelINS0_3RayIdEENS0_4LineIdEEEEbRKT_RKT0_
FN:41,43,_ZN7fishnet8geometryL11areParallelINS0_3RayIdEENS2_IiEEEEbRKT_RKT0_
FN:41,43,_ZN7fishnet8geometryL11areParallelINS0_3RayIfEENS0_4LineIdEEEEbRKT_RKT0_
FN:41,43,_ZN7fishnet8geometryL11areParallelINS0_3RayIiEENS0_4LineIdEEEEbRKT_RKT0_
FN:41,43,_ZN7fishnet8geometryL11areParallelINS0_3RayIiEENS0_7SegmentIiEEEEbRKT_RKT0_
FN:41,43,_ZN7fishnet8geometryL11areParallelINS0_3RayIiEES3_EEbRKT_RKT0_
FN:41,43,_ZN7fishnet8geometryL11areParallelINS0_4LineIdEENS2_IiEEEEbRKT_RKT0_
FN:41,43,_ZN7fishnet8geometryL11areParallelINS0_4LineIdEES3_EEbRKT_RKT0_
FN:41,43,_ZN7fishnet8geometryL11areParallelINS0_4LineIiEENS0_3RayIiEEEEbRKT_RKT0_
FN:41,43,_ZN7fishnet8geometryL11areParallelINS0_4LineIiEENS0_7SegmentIiEEEEbRKT_RKT0_
FN:41,43,_ZN7fishnet8geometryL11areParallelINS0_4LineIiEENS2_IdEEEEbRKT_RKT0_
FN:41,43,_ZN7fishnet8geometryL11areParallelINS0_4LineIiEES3_EEbRKT_RKT0_
FN:41,43,_ZN7fishnet8geometryL11areParallelINS0_7SegmentIdEENS2_IiEEEEbRKT_RKT0_
FN:41,43,_ZN7fishnet8geometryL11areParallelINS0_7SegmentIdEES3_EEbRKT_RKT0_
FN:41,43,_ZN7fishnet8geometryL11areParallelINS0_7SegmentIiEENS0_4LineIiEEEEbRKT_RKT0_
FN:41,43,_ZN7fishnet8geometryL11areParallelINS0_7SegmentIiEENS2_IdEEEEbRKT_RKT0_
FN:41,43,_ZN7fishnet8geometryL11areParallelINS0_7SegmentIiEES3_EEbRKT_RKT0_
FN:45,47,_ZN7fishnet8geometryL9intersectINS0_3RayIiEENS0_4LineIdEEEEbRKT_RKT0_
FN:45,47,_ZN7fishnet8geometryL9intersectINS0_3RayIiEENS0_7SegmentIiEEEEbRKT_RKT0_
FN:45,47,_ZN7fishnet8geometryL9intersectINS0_3RayIiEENS2_IdEEEEbRKT_RKT0_
FN:45,47,_ZN7fishnet8geometryL9intersectINS0_3RayIiEES3_EEbRKT_RKT0_
FN:45,47,_ZN7fishnet8geometryL9intersectINS0_4LineIdEENS2_IiEEEEbRKT_RKT0_
FN:45,47,_ZN7fishnet8geometryL9intersectINS0_4LineIdEES3_EEbRKT_RKT0_
FN:45,47,_ZN7fishnet8geometryL9intersectINS0_4LineIiEENS0_7SegmentIiEEEEbRKT_RKT0_
FN:45,47,_ZN7fishnet8geometryL9intersectINS0_4LineIiEES3_EEbRKT_RKT0_
FN:45,47,_ZN7fishnet8geometryL9intersectINS0_7SegmentIdEES3_EEbRKT_RKT0_
FN:45,47,_ZN7fishnet8geometryL9intersectINS0_7SegmentIiEENS0_4LineIdEEEEbRKT_RKT0_
FN:45,47,_ZN7fishnet8geometryL9intersectINS0_7SegmentIiEES3_EEbRKT_RKT0_
FNDA:671,_ZN7fishnet8geometryL18linearIntersectionINS0_4LineIdEENS2_IiEEEESt8optionalINS0_5Vec2DIdEEERKT_RKT0_
FNDA:1402632,_ZN7fishnet8geometryL18linearIntersectionINS0_4LineIdEES3_EESt8optionalINS0_5Vec2DIdEEERKT_RKT0_
FNDA:302,_ZN7fishnet8geometryL18linearIntersectionINS0_4LineIiEENS2_IdEEEESt8optionalINS0_5Vec2DIdEEERKT_RKT0_
FNDA:209,_ZN7fishnet8geometryL18linearIntersectionINS0_4LineIiEES3_EESt8optionalINS0_5Vec2DIdEEERKT_RKT0_
FNDA:5,_ZN7fishnet8geometryL18linearIntersectionINS0_3RayIiEENS0_4LineIdEEEESt8optionalINS0_5Vec2DIdEEERKT_RKT0_
FNDA:3,_ZN7fishnet8geometryL18linearIntersectionINS0_3RayIiEENS0_7SegmentIiEEEESt8optionalINS0_5Vec2DIdEEERKT_RKT0_
FNDA:1,_ZN7fishnet8geometryL18linearIntersectionINS0_3RayIiEENS2_IdEEEESt8optionalINS0_5Vec2DIdEEERKT_RKT0_
FNDA:4,_ZN7fishnet8geometryL18linearIntersectionINS0_3RayIiEES3_EESt8optionalINS0_5Vec2DIdEEERKT_RKT0_
FNDA:3,_ZN7fishnet8geometryL18linearIntersectionINS0_4LineIiEENS0_7SegmentIiEEEESt8optionalINS0_5Vec2DIdEEERKT_RKT0_
FNDA:296596,_ZN7fishnet8geometryL18linearIntersectionINS0_7SegmentIdEENS0_3RayIdEEEESt8optionalINS0_5Vec2DIdEEERKT_RKT0_
FNDA:38,_ZN7fishnet8geometryL18linearIntersectionINS0_7SegmentIdEENS0_3RayIiEEEESt8optionalINS0_5Vec2DIdEEERKT_RKT0_
FNDA:375852,_ZN7fishnet8geometryL18linearIntersectionINS0_7SegmentIdEENS0_4LineIdEEEESt8optionalINS0_5Vec2DIdEEERKT_RKT0_
FNDA:54,_ZN7fishnet8geometryL18linearIntersectionINS0_7SegmentIdEENS0_4LineIiEEEESt8optionalINS0_5Vec2DIdEEERKT_RKT0_
FNDA:577,_ZN7fishnet8geometryL18linearIntersectionINS0_7SegmentIdEENS2_IiEEEESt8optionalINS0_5Vec2DIdEEERKT_RKT0_
FNDA:730175,_ZN7fishnet8geometryL18linearIntersectionINS0_7SegmentIdEES3_EESt8optionalINS0_5Vec2DIdEEERKT_RKT0_
FNDA:42,_ZN7fishnet8geometryL18linearIntersectionINS0_7SegmentIiEENS0_3RayIiEEEESt8optionalINS0_5Vec2DIdEEERKT_RKT0_
FNDA:52,_ZN7fishnet8geometryL18linearIntersectionINS0_7SegmentIiEENS0_4LineIdEEEESt8optionalINS0_5Vec2DIdEEERKT_RKT0_
FNDA:7,_ZN7fishnet8geometryL18linearIntersectionINS0_7SegmentIiEENS0_4LineIiEEEESt8optionalINS0_5Vec2DIdEEERKT_RKT0_
FNDA:244,_ZN7fishnet8geometryL18linearIntersectionINS0_7SegmentIiEENS2_IdEEEESt8optionalINS0_5Vec2DIdEEERKT_RKT0_
FNDA:127,_ZN7fishnet8geometryL18linearIntersectionINS0_7SegmentIiEES3_EESt8optionalINS0_5Vec2DIdEEERKT_RKT0_
FNDA:3,_ZN7fishnet8geometryL11areParallelINS0_3RayIdEENS0_4LineIdEEEEbRKT_RKT0_
FNDA:1,_ZN7fishnet8geometryL11areParallelINS0_3RayIdEENS2_IiEEEEbRKT_RKT0_
FNDA:1,_ZN7fishnet8geometryL11areParallelINS0_3RayIfEENS0_4LineIdEEEEbRKT_RKT0_
FNDA:2,_ZN7fishnet8geometryL11areParallelINS0_3RayIiEENS0_4LineIdEEEEbRKT_RKT0_
FNDA:2,_ZN7fishnet8geometryL11areParallelINS0_3RayIiEENS0_7SegmentIiEEEEbRKT_RKT0_
FNDA:1,_ZN7fishnet8geometryL11areParallelINS0_3RayIiEES3_EEbRKT_RKT0_
FNDA:671,_ZN7fishnet8geometryL11areParallelINS0_4LineIdEENS2_IiEEEEbRKT_RKT0_
FNDA:1402634,_ZN7fishnet8geometryL11areParallelINS0_4LineIdEES3_EEbRKT_RKT0_
FNDA:1,_ZN7fishnet8geometryL11areParallelINS0_4LineIiEENS0_3RayIiEEEEbRKT_RKT0_
FNDA:2,_ZN7fishnet8geometryL11areParallelINS0_4LineIiEENS0_7SegmentIiEEEEbRKT_RKT0_
FNDA:306,_ZN7fishnet8geometryL11areParallelINS0_4LineIiEENS2_IdEEEEbRKT_RKT0_
FNDA:216,_ZN7fishnet8geometryL11areParallelINS0_4LineIiEES3_EEbRKT_RKT0_
FNDA:353,_ZN7fishnet8geometryL11areParallelINS0_7SegmentIdEENS2_IiEEEEbRKT_RKT0_
FNDA:377382,_ZN7fishnet8geometryL11areParallelINS0_7SegmentIdEES3_EEbRKT_RKT0_
FNDA:2,_ZN7fishnet8geometryL11areParallelINS0_7SegmentIiEENS0_4LineIiEEEEbRKT_RKT0_
FNDA:45,_ZN7fishnet8geometryL11areParallelINS0_7SegmentIiEENS2_IdEEEEbRKT_RKT0_
FNDA:426,_ZN7fishnet8geometryL11areParallelINS0_7SegmentIiEES3_EEbRKT_RKT0_
FNDA:3,_ZN7fishnet8geometryL9intersectINS0_3RayIiEENS0_4LineIdEEEEbRKT_RKT0_
FNDA:2,_ZN7fishnet8geometryL9intersectINS0_3RayIiEENS0_7SegmentIiEEEEbRKT_RKT0_
FNDA:1,_ZN7fishnet8geometryL9intersectINS0_3RayIiEENS2_IdEEEEbRKT_RKT0_
FNDA:2,_ZN7fishnet8geometryL9intersectINS0_3RayIiEES3_EEbRKT_RKT0_
FNDA:2,_ZN7fishnet8geometryL9intersectINS0_4LineIdEENS2_IiEEEEbRKT_RKT0_
FNDA:1,_ZN7fishnet8geometryL9intersectINS0_4LineIdEES3_EEbRKT_RKT0_
FNDA:2,_ZN7fishnet8geometryL9intersectINS0_4LineIiEENS0_7SegmentIiEEEEbRKT_RKT0_
FNDA:1,_ZN7fishnet8geometryL9intersectINS0_4LineIiEES3_EEbRKT_RKT0_
FNDA:307419,_ZN7fishnet8geometryL9intersectINS0_7SegmentIdEES3_EEbRKT_RKT0_
FNDA:2,_ZN7fishnet8geometryL9intersectINS0_7SegmentIiEENS0_4LineIdEEEEbRKT_RKT0_
FNDA:125,_ZN7fishnet8geometryL9intersectINS0_7SegmentIiEES3_EEbRKT_RKT0_
FNF:48
FNH:48
DA:15,1403814
DA:16,1403814
DA:17,607594
DA:18,796220
DA:19,796220
DA:20,796220
DA:22,796220
DA:23,796220
DA:24,796220
DA:25,796220
DA:35,1403780
DA:36,1403780
DA:37,1403780
DA:38,1373895
DA:41,1782048
DA:42,1782048
DA:45,307560
DA:46,307560
LF:18
LH:18
end_of_record
TN:
SF:/home/lolo/Documents/fishnet/lib/geometry/algorithm/include/fishnet/NearestNeighbours.hpp
FN:12,35,_ZN7fishnet8geometry6__impl28nearestNeighbourBinarySearchIdZNS0_16nearestNeighbourIdEENS0_5Vec2DIT_EERKS6_RKSt3setIS6_NS0_18LexicographicOrderESaIS6_EEEUlRKS5_E_EES6_S8_SE_RKT0_
FN:12,35,_ZN7fishnet8geometry6__impl28nearestNeighbourBinarySearchIdZNS0_18kNearestNeighboursIdEESt6vectorINS0_5Vec2DIT_EESaIS7_EERKS7_RKSt3setIS7_NS0_18LexicographicOrderES8_EmEUlRKNS5_IdEEE_EES7_SB_SG_RKT0_
FN:48,50,_ZN7fishnet8geometry16nearestNeighbourIdEENS0_5Vec2DIT_EERKS4_RKSt3setIS4_NS0_18LexicographicOrderESaIS4_EE
FN:49,49,_ZZN7fishnet8geometry16nearestNeighbourIdEENS0_5Vec2DIT_EERKS4_RKSt3setIS4_NS0_18LexicographicOrderESaIS4_EEENKUlRKS3_E_clINS2_IdEEEEDaSE_
FN:62,71,_ZN7fishnet8geometry18kNearestNeighboursIdEESt6vectorINS0_5Vec2DIT_EESaIS5_EERKS5_RKSt3setIS5_NS0_18LexicographicOrderES6_Em
FN:67,67,_ZZN7fishnet8geometry18kNearestNeighboursIdEESt6vectorINS0_5Vec2DIT_EESaIS5_EERKS5_RKSt3setIS5_NS0_18LexicographicOrderES6_EmENKUlRKNS3_IdEEE_clESH_
FN:82,92,_ZN7fishnet8geometry21AllKNearestNeighboursIdSt6vectorINS0_5Vec2DIdEESaIS4_EEEES2_ISt4pairINS3_IT_EES2_IS9_SaIS9_EEESaISC_EERKT0_m
FNDA:1,_ZN7fishnet8geometry6__impl28nearestNeighbourBinarySearchIdZNS0_16nearestNeighbourIdEENS0_5Vec2DIT_EERKS6_RKSt3setIS6_NS0_18LexicographicOrderESaIS6_EEEUlRKS5_E_EES6_S8_SE_RKT0_
FNDA:39,_ZN7fishnet8geometry6__impl28nearestNeighbourBinarySearchIdZNS0_18kNearestNeighboursIdEESt6vectorINS0_5Vec2DIT_EESaIS7_EERKS7_RKSt3setIS7_NS0_18LexicographicOrderES8_EmEUlRKNS5_IdEEE_EES7_SB_SG_RKT0_
FNDA:1,_ZN7fishnet8geometry16nearestNeighbourIdEENS0_5Vec2DIT_EERKS4_RKSt3setIS4_NS0_18LexicographicOrderESaIS4_EE
FNDA:0,_ZZN7fishnet8geometry16nearestNeighbourIdEENS0_5Vec2DIT_EERKS4_RKSt3setIS4_NS0_18LexicographicOrderESaIS4_EEENKUlRKS3_E_clINS2_IdEEEEDaSE_
FNDA:26,_ZN7fishnet8geometry18kNearestNeighboursIdEESt6vectorINS0_5Vec2DIT_EESaIS5_EERKS5_RKSt3setIS5_NS0_18LexicographicOrderES6_Em
FNDA:89,_ZZN7fishnet8geometry18kNearestNeighboursIdEESt6vectorINS0_5Vec2DIT_EESaIS5_EERKS5_RKSt3setIS5_NS0_18LexicographicOrderES6_EmENKUlRKNS3_IdEEE_clESH_
FNDA:2,_ZN7fishnet8geometry21AllKNearestNeighboursIdSt6vectorINS0_5Vec2DIdEESaIS4_EEEES2_ISt4pairINS3_IT_EES2_IS9_SaIS9_EEESaISC_EERKT0_m
FNF:7
FNH:6
DA:12,40
DA:13,40
DA:14,40
DA:15,40
DA:16,1
DA:18,39
DA:19,147
DA:21,108
DA:22,108
DA:23,51
DA:24,51
DA:27,112
DA:28,73
DA:29,73
DA:30,25
DA:31,25
DA:34,39
DA:48,1
DA:49,0
DA:62,26
DA:63,26
DA:64,26
DA:65,26
DA:66,65
DA:67,128
DA:68,39
DA:70,26
DA:82,2
DA:83,2
DA:84,2
DA:85,28
DA:86,26
DA:88,28
DA:89,26
DA:91,2
DA:92,2
LF:36
LH:35
end_of_record
TN:
SF:/home/lolo/Documents/fishnet/lib/geometry/algorithm/include/fishnet/PolygonDistance.hpp
FN:109,110,_ZN7fishnet8geometry6__impl12PolygonPointILb0EEC2EONS0_7SegmentIdEENS1_16PolygonReferenceE
FN:109,110,_ZN7fishnet8geometry6__impl12PolygonPointILb1EEC2EONS0_7SegmentIdEENS1_16PolygonReferenceE
FN:112,114,_ZNK7fishnet8geometry6__impl12PolygonPointILb0EE8getPointEv
FN:112,114,_ZNK7fishnet8geometry6__impl12PolygonPointILb1EE8getPointEv
FN:116,118,_ZNK7fishnet8geometry6__impl12PolygonPointILb0EE10getSegmentEv
FN:116,118,_ZNK7fishnet8geometry6__impl12PolygonPointILb1EE10getSegmentEv
FN:120,128,_ZNK7fishnet8geometry6__impl12PolygonPointILb0EEltERKS3_
FN:120,128,_ZNK7fishnet8geometry6__impl12PolygonPointILb1EEltERKS3_
FN:148,149,_ZN7fishnet8geometry6__impl19ClosestPointsResultC2ERKNS0_5Vec2DIdEES6_mm
FN:151,162,_ZN7fishnet8geometry6__impl19ClosestPointsResult11startSearchENS1_16PolygonReferenceE
FN:17,24,_ZN7fishnet8geometryL21closestPointOnSegmentINS0_7SegmentIdEENS0_5Vec2DIdEEEES5_RKT_RKT0_
FN:17,24,_ZN7fishnet8geometryL21closestPointOnSegmentINS0_7SegmentIdEENS0_5Vec2DIiEEEENS4_IdEERKT_RKT0_
FN:17,24,_ZN7fishnet8geometryL21closestPointOnSegmentINS0_7SegmentIiEENS0_5Vec2DIdEEEES5_RKT_RKT0_
FN:171,176,_ZN7fishnet8geometry6__impl19ClosestPointsResult5visitILb0EEEvRKNS1_12PolygonPointIXT_EEE
FN:171,176,_ZN7fishnet8geometry6__impl19ClosestPointsResult5visitILb1EEEvRKNS1_12PolygonPointIXT_EEE
FN:186,191,_ZNK7fishnet8geometry6__impl19ClosestPointsResult12getNeighbourILb0EEERKNS0_5Vec2DIdEERKNS1_12PolygonPointIXT_EEE
FN:186,191,_ZNK7fishnet8geometry6__impl19ClosestPointsResult12getNeighbourILb1EEERKNS0_5Vec2DIdEERKNS1_12PolygonPointIXT_EEE
FN:200,200,_ZN7fishnet8geometry6__impl24PolygonSegmentSweepEventILb0EEC2ERKNS1_12PolygonPointILb0EEE
FN:200,200,_ZN7fishnet8geometry6__impl24PolygonSegmentSweepEventILb1EEC2ERKNS1_12PolygonPointILb1EEE
FN:202,207,_ZNK7fishnet8geometry6__impl24PolygonSegmentSweepEventILb0EE10eventPointEv
FN:202,207,_ZNK7fishnet8geometry6__impl24PolygonSegmentSweepEventILb1EE10eventPointEv
FN:217,222,_ZNK7fishnet8geometry6__impl24PolygonSegmentSweepEventILb0EE4stopERNS0_9SweepLineINS1_12PolygonPointILb0EEENS1_19ClosestPointsResultESt4lessIS6_ELb0ES8_IdEEERS7_
FN:217,222,_ZNK7fishnet8geometry6__impl24PolygonSegmentSweepEventILb1EE4stopERNS0_9SweepLineINS1_12PolygonPointILb1EEENS1_19ClosestPointsResultESt4lessIS6_ELb0ES8_IdEEERS7_
FN:230,235,_ZNK7fishnet8geometry6__impl24PolygonSegmentSweepEventILb0EE15lowerBoundQueryERNS1_19ClosestPointsResultE
FN:230,235,_ZNK7fishnet8geometry6__impl24PolygonSegmentSweepEventILb1EE15lowerBoundQueryERNS1_19ClosestPointsResultE
FN:243,248,_ZNK7fishnet8geometry6__impl24PolygonSegmentSweepEventILb0EE15upperBoundQueryERNS1_19ClosestPointsResultE
FN:243,248,_ZNK7fishnet8geometry6__impl24PolygonSegmentSweepEventILb1EE15upperBoundQueryERNS1_19ClosestPointsResultE
FN:250,298,_ZNK7fishnet8geometry6__impl24PolygonSegmentSweepEventILb0EE7processERNS0_9SweepLineINS1_12PolygonPointILb0EEENS1_19ClosestPointsResultESt4lessIS6_ELb0ES8_IdEEERS7_
FN:250,298,_ZNK7fishnet8geometry6__impl24PolygonSegmentSweepEventILb1EE7processERNS0_9SweepLineINS1_12PolygonPointILb1EEENS1_19ClosestPointsResultESt4lessIS6_ELb0ES8_IdEEERS7_
FN:310,342,_ZN7fishnet8geometry6__implL18closestPointsSweepILb0ENSt6ranges8ref_viewIKSt6vectorINS0_7SegmentIdEESaIS7_EEEESB_EESt4pairINS0_5Vec2DIdEESE_EOT0_OT1_
FN:310,342,_ZN7fishnet8geometry6__implL18closestPointsSweepILb0ERNSt6ranges8ref_viewIKSt6vectorINS0_7SegmentIdEESaIS7_EEEERNS4_IKS5_INS6_IiEESaISD_EEEEEESt4pairINS0_5Vec2DIdEESL_EOT0_OT1_
FN:310,342,_ZN7fishnet8geometry6__implL18closestPointsSweepILb0ERNSt6ranges8ref_viewIKSt6vectorINS0_7SegmentIdEESaIS7_EEEESC_EESt4pairINS0_5Vec2DIdEESF_EOT0_OT1_
FN:310,342,_ZN7fishnet8geometry6__implL18closestPointsSweepILb1ENSt6ranges8ref_viewIKSt6vectorINS0_7SegmentIdEESaIS7_EEEESB_EESt4pairINS0_5Vec2DIdEESE_EOT0_OT1_
FN:310,342,_ZN7fishnet8geometry6__implL18closestPointsSweepILb1ERNSt6ranges8ref_viewIKSt6vectorINS0_7SegmentIdEESaIS7_EEEERNS4_IKS5_INS6_IiEESaISD_EEEEEESt4pairINS0_5Vec2DIdEESL_EOT0_OT1_
FN:310,342,_ZN7fishnet8geometry6__implL18closestPointsSweepILb1ERNSt6ranges8ref_viewIKSt6vectorINS0_7SegmentIdEESaIS7_EEEESC_EESt4pairINS0_5Vec2DIdEESF_EOT0_OT1_
FN:317,317,_ZZN7fishnet8geometry6__implL18closestPointsSweepILb0ENSt6ranges8ref_viewIKSt6vectorINS0_7SegmentIdEESaIS7_EEEESB_EESt4pairINS0_5Vec2DIdEESE_EOT0_OT1_ENKUlRKT_E_clIS7_EEDaSM_
FN:317,317,_ZZN7fishnet8geometry6__implL18closestPointsSweepILb0ERNSt6ranges8ref_viewIKSt6vectorINS0_7SegmentIdEESaIS7_EEEERNS4_IKS5_INS6_IiEESaISD_EEEEEESt4pairINS0_5Vec2DIdEESL_EOT0_OT1_ENKUlRKT_E_clIS7_EEDaST_
FN:317,317,_ZZN7fishnet8geometry6__implL18closestPointsSweepILb0ERNSt6ranges8ref_viewIKSt6vectorINS0_7SegmentIdEESaIS7_EEEESC_EESt4pairINS0_5Vec2DIdEESF_EOT0_OT1_ENKUlRKT_E_clIS7_EEDaSN_
FN:317,317,_ZZN7fishnet8geometry6__implL18closestPointsSweepILb1ENSt6ranges8ref_viewIKSt6vectorINS0_7SegmentIdEESaIS7_EEEESB_EESt4pairINS0_5Vec2DIdEESE_EOT0_OT1_ENKUlRKT_E_clIS7_EEDaSM_
FN:317,317,_ZZN7fishnet8geometry6__implL18closestPointsSweepILb1ERNSt6ranges8ref_viewIKSt6vectorINS0_7SegmentIdEESaIS7_EEEERNS4_IKS5_INS6_IiEESaISD_EEEEEESt4pairINS0_5Vec2DIdEESL_EOT0_OT1_ENKUlRKT_E_clIS7_EEDaST_
FN:317,317,_ZZN7fishnet8geometry6__implL18closestPointsSweepILb1ERNSt6ranges8ref_viewIKSt6vectorINS0_7SegmentIdEESaIS7_EEEESC_EESt4pairINS0_5Vec2DIdEESF_EOT0_OT1_ENKUlRKT_E_clIS7_EEDaSN_
FN:327,327,_ZZN7fishnet8geometry6__implL18closestPointsSweepILb0ENSt6ranges8ref_viewIKSt6vectorINS0_7SegmentIdEESaIS7_EEEESB_EESt4pairINS0_5Vec2DIdEESE_EOT0_OT1_ENKUlRKT_E0_clIS7_EEDaSM_
FN:327,327,_ZZN7fishnet8geometry6__implL18closestPointsSweepILb0ERNSt6ranges8ref_viewIKSt6vectorINS0_7SegmentIdEESaIS7_EEEERNS4_IKS5_INS6_IiEESaISD_EEEEEESt4pairINS0_5Vec2DIdEESL_EOT0_OT1_ENKUlRKT_E0_clISD_EEDaST_
FN:327,327,_ZZN7fishnet8geometry6__implL18closestPointsSweepILb0ERNSt6ranges8ref_viewIKSt6vectorINS0_7SegmentIdEESaIS7_EEEESC_EESt4pairINS0_5Vec2DIdEESF_EOT0_OT1_ENKUlRKT_E0_clIS7_EEDaSN_
FN:327,327,_ZZN7fishnet8geometry6__implL18closestPointsSweepILb1ENSt6ranges8ref_viewIKSt6vectorINS0_7SegmentIdEESaIS7_EEEESB_EESt4pairINS0_5Vec2DIdEESE_EOT0_OT1_ENKUlRKT_E0_clIS7_EEDaSM_
FN:327,327,_ZZN7fishnet8geometry6__implL18closestPointsSweepILb1ERNSt6ranges8ref_viewIKSt6vectorINS0_7SegmentIdEESaIS7_EEEERNS4_IKS5_INS6_IiEESaISD_EEEEEESt4pairINS0_5Vec2DIdEESL_EOT0_OT1_ENKUlRKT_E0_clISD_EEDaST_
FN:327,327,_ZZN7fishnet8geometry6__implL18closestPointsSweepILb1ERNSt6ranges8ref_viewIKSt6vectorINS0_7SegmentIdEESaIS7_EEEESC_EESt4pairINS0_5Vec2DIdEESF_EOT0_OT1_ENKUlRKT_E0_clIS7_EEDaSN_
FN:337,337,_ZZN7fishnet8geometry6__implL18closestPointsSweepILb0ENSt6ranges8ref_viewIKSt6vectorINS0_7SegmentIdEESaIS7_EEEESB_EESt4pairINS0_5Vec2DIdEESE_EOT0_OT1_ENKUlRKT_E1_clINS1_12PolygonPointILb0EEEEEDaSM_
FN:337,337,_ZZN7fishnet8geometry6__implL18closestPointsSweepILb0ERNSt6ranges8ref_viewIKSt6vectorINS0_7SegmentIdEESaIS7_EEEERNS4_IKS5_INS6_IiEESaISD_EEEEEESt4pairINS0_5Vec2DIdEESL_EOT0_OT1_ENKUlRKT_E1_clINS1_12PolygonPointILb0EEEEEDaST_
FN:337,337,_ZZN7fishnet8geometry6__implL18closestPointsSweepILb0ERNSt6ranges8ref_viewIKSt6vectorINS0_7SegmentIdEESaIS7_EEEESC_EESt4pairINS0_5Vec2DIdEESF_EOT0_OT1_ENKUlRKT_E1_clINS1_12PolygonPointILb0EEEEEDaSN_
FN:337,337,_ZZN7fishnet8geometry6__implL18closestPointsSweepILb1ENSt6ranges8ref_viewIKSt6vectorINS0_7SegmentIdEESaIS7_EEEESB_EESt4pairINS0_5Vec2DIdEESE_EOT0_OT1_ENKUlRKT_E1_clINS1_12PolygonPointILb1EEEEEDaSM_
FN:337,337,_ZZN7fishnet8geometry6__implL18closestPointsSweepILb1ERNSt6ranges8ref_viewIKSt6vectorINS0_7SegmentIdEESaIS7_EEEERNS4_IKS5_INS6_IiEESaISD_EEEEEESt4pairINS0_5Vec2DIdEESL_EOT0_OT1_ENKUlRKT_E1_clINS1_12PolygonPointILb1EEEEEDaST_
FN:337,337,_ZZN7fishnet8geometry6__implL18closestPointsSweepILb1ERNSt6ranges8ref_viewIKSt6vectorINS0_7SegmentIdEESaIS7_EEEESC_EESt4pairINS0_5Vec2DIdEESF_EOT0_OT1_ENKUlRKT_E1_clINS1_12PolygonPointILb1EEEEEDaSN_
FN:34,46,_ZN7fishnet8geometryL13closestPointsINS0_7SegmentIdEES3_EESt4pairINS0_5Vec2DIdEES6_ERKT_RKT0_
FN:345,353,_ZN7fishnet8geometry6__implL18closestPointsSweepIRNSt6ranges8ref_viewIKSt6vectorINS0_7SegmentIdEESaIS7_EEEERNS4_IKS5_INS6_IiEESaISD_EEEEEESt4pairINS0_5Vec2DIdEESL_EOT_OT0_
FN:345,353,_ZN7fishnet8geometry6__implL18closestPointsSweepIRNSt6ranges8ref_viewIKSt6vectorINS0_7SegmentIdEESaIS7_EEEESC_EESt4pairINS0_5Vec2DIdEESF_EOT_OT0_
FN:363,390,_ZN7fishnet8geometry6__implL23closestPointsBruteForceINSt6ranges8ref_viewIKSt6vectorINS0_7SegmentIdEESaIS7_EEEESB_EESt4pairINS0_5Vec2DIdEESE_EOT_OT0_
FN:363,390,_ZN7fishnet8geometry6__implL23closestPointsBruteForceIRNSt6ranges8ref_viewIKSt6vectorINS0_7SegmentIdEESaIS7_EEEERNS4_IKS5_INS6_IiEESaISD_EEEEEESt4pairINS0_5Vec2DIdEESL_EOT_OT0_
FN:363,390,_ZN7fishnet8geometry6__implL23closestPointsBruteForceIRNSt6ranges8ref_viewIKSt6vectorINS0_7SegmentIdEESaIS7_EEEESC_EESt4pairINS0_5Vec2DIdEESF_EOT_OT0_
FN:367,367,_ZZN7fishnet8geometry6__implL23closestPointsBruteForceINSt6ranges8ref_viewIKSt6vectorINS0_7SegmentIdEESaIS7_EEEESB_EESt4pairINS0_5Vec2DIdEESE_EOT_OT0_ENKUlRKSG_E_clIS7_EEDaSL_
FN:367,367,_ZZN7fishnet8geometry6__implL23closestPointsBruteForceIRNSt6ranges8ref_viewIKSt6vectorINS0_7SegmentIdEESaIS7_EEEERNS4_IKS5_INS6_IiEESaISD_EEEEEESt4pairINS0_5Vec2DIdEESL_EOT_OT0_ENKUlRKSN_E_clIS7_EEDaSS_
FN:367,367,_ZZN7fishnet8geometry6__implL23closestPointsBruteForceIRNSt6ranges8ref_viewIKSt6vectorINS0_7SegmentIdEESaIS7_EEEESC_EESt4pairINS0_5Vec2DIdEESF_EOT_OT0_ENKUlRKSH_E_clIS7_EEDaSM_
FN:368,368,_ZZN7fishnet8geometry6__implL23closestPointsBruteForceINSt6ranges8ref_viewIKSt6vectorINS0_7SegmentIdEESaIS7_EEEESB_EESt4pairINS0_5Vec2DIdEESE_EOT_OT0_ENKUlRKSG_E0_clIS7_EEDaSL_
FN:368,368,_ZZN7fishnet8geometry6__implL23closestPointsBruteForceIRNSt6ranges8ref_viewIKSt6vectorINS0_7SegmentIdEESaIS7_EEEERNS4_IKS5_INS6_IiEESaISD_EEEEEESt4pairINS0_5Vec2DIdEESL_EOT_OT0_ENKUlRKSN_E0_clISD_EEDaSS_
FN:368,368,_ZZN7fishnet8geometry6__implL23closestPointsBruteForceIRNSt6ranges8ref_viewIKSt6vectorINS0_7SegmentIdEESaIS7_EEEESC_EESt4pairINS0_5Vec2DIdEESF_EOT_OT0_ENKUlRKSH_E0_clIS7_EEDaSM_
FN:398,400,_ZN7fishnet8geometry6__impl23DefaultDistanceFunctionclIddEEdRKNS0_5Vec2DIT_EERKNS4_IT0_EE
FN:41,41,_ZZN7fishnet8geometryL13closestPointsINS0_7SegmentIdEES3_EESt4pairINS0_5Vec2DIdEES6_ERKT_RKT0_ENKUlSA_SD_E_clIS7_S7_EEDaSA_SD_
FN:410,416,_ZN7fishnet8geometry6__implL13closestPointsINSt6ranges8ref_viewIKSt6vectorINS0_7SegmentIdEESaIS7_EEEENS4_IKS5_INS6_IiEESaISC_EEEEEESt4pairINS0_5Vec2DIdEESJ_EOT_OT0_
FN:410,416,_ZN7fishnet8geometry6__implL13closestPointsINSt6ranges8ref_viewIKSt6vectorINS0_7SegmentIdEESaIS7_EEEESB_EESt4pairINS0_5Vec2DIdEESE_EOT_OT0_
FN:426,428,_ZN7fishnet8geometryL13closestPointsINS0_4RingIdEENS2_IiEEEESt4pairINS0_5Vec2DIdEES7_ERKT_RKT0_
FN:426,428,_ZN7fishnet8geometryL13closestPointsINS0_4RingIdEES3_EESt4pairINS0_5Vec2DIdEES6_ERKT_RKT0_
FN:438,440,_ZN7fishnet8geometryL13closestPointsINS0_13SimplePolygonIdEES3_vEESt4pairINS0_5Vec2DIdEES6_ERKT_RKT0_
FN:438,440,_ZN7fishnet8geometryL13closestPointsINS0_7PolygonIdEES3_vEESt4pairINS0_5Vec2DIdEES6_ERKT_RKT0_
FN:465,468,_ZN7fishnet8geometryL13shapeDistanceINS0_13SimplePolygonIdEES3_NS0_6__impl23DefaultDistanceFunctionEEEdRKT_RKT0_RKT1_
FN:465,468,_ZN7fishnet8geometryL13shapeDistanceINS0_4RingIdEENS2_IiEENS0_6__impl23DefaultDistanceFunctionEEEdRKT_RKT0_RKT1_
FN:465,468,_ZN7fishnet8geometryL13shapeDistanceINS0_4RingIdEES3_NS0_6__impl23DefaultDistanceFunctionEEEdRKT_RKT0_RKT1_
FN:477,479,_ZN7fishnet8geometryL13shapeDistanceINS0_13SimplePolygonIdEES3_EEdRKT_RKT0_
FN:477,479,_ZN7fishnet8geometryL13shapeDistanceINS0_4RingIdEENS2_IiEEEEdRKT_RKT0_
FN:477,479,_ZN7fishnet8geometryL13shapeDistanceINS0_4RingIdEES3_EEdRKT_RKT0_
FN:64,64,_ZN7fishnet8geometry6__impl16PolygonReferenceC2Ev
FN:65,65,_ZN7fishnet8geometry6__impl16PolygonReferenceC2ENS2_4TypeE
FN:67,69,_ZNK7fishnet8geometry6__impl16PolygonReference6isNoneEv
FN:71,73,_ZN7fishnet8geometry6__impl16PolygonReference4THISEv
FN:75,77,_ZN7fishnet8geometry6__impl16PolygonReference5OTHEREv
FN:79,81,_ZNK7fishnet8geometry6__impl16PolygonReferenceltERKS2_
FN:83,85,_ZNK7fishnet8geometry6__impl16PolygonReferenceeqERKS2_
FN:87,92,_ZNK7fishnet8geometry6__impl16PolygonReference5otherEv
FNDA:7120,_ZN7fishnet8geometry6__impl12PolygonPointILb0EEC2EONS0_7SegmentIdEENS1_16PolygonReferenceE
FNDA:3376,_ZN7fishnet8geometry6__impl12PolygonPointILb1EEC2EONS0_7SegmentIdEENS1_16PolygonReferenceE
FNDA:208012,_ZNK7fishnet8geometry6__impl12PolygonPointILb0EE8getPointEv
FNDA:112308,_ZNK7fishnet8geometry6__impl12PolygonPointILb1EE8getPointEv
FNDA:2716,_ZNK7fishnet8geometry6__impl12PolygonPointILb0EE10getSegmentEv
FNDA:74689,_ZNK7fishnet8geometry6__impl12PolygonPointILb1EE10getSegmentEv
FNDA:68130,_ZNK7fishnet8geometry6__impl12PolygonPointILb0EEltERKS3_
FNDA:40578,_ZNK7fishnet8geometry6__impl12PolygonPointILb1EEltERKS3_
FNDA:3,_ZN7fishnet8geometry6__impl19ClosestPointsResultC2ERKNS0_5Vec2DIdEES6_mm
FNDA:3840,_ZN7fishnet8geometry6__impl19ClosestPointsResult11startSearchENS1_16PolygonReferenceE
FNDA:375712,_ZN7fishnet8geometryL21closestPointOnSegmentINS0_7SegmentIdEENS0_5Vec2DIdEEEES5_RKT_RKT0_
FNDA:40,_ZN7fishnet8geometryL21closestPointOnSegmentINS0_7SegmentIdEENS0_5Vec2DIiEEEENS4_IdEERKT_RKT0_
FNDA:40,_ZN7fishnet8geometryL21closestPointOnSegmentINS0_7SegmentIiEENS0_5Vec2DIdEEEES5_RKT_RKT0_
FNDA:2560,_ZN7fishnet8geometry6__impl19ClosestPointsResult5visitILb0EEEvRKNS1_12PolygonPointIXT_EEE
FNDA:1280,_ZN7fishnet8geometry6__impl19ClosestPointsResult5visitILb1EEEvRKNS1_12PolygonPointIXT_EEE
FNDA:0,_ZNK7fishnet8geometry6__impl19ClosestPointsResult12getNeighbourILb0EEERKNS0_5Vec2DIdEERKNS1_12PolygonPointIXT_EEE
FNDA:0,_ZNK7fishnet8geometry6__impl19ClosestPointsResult12getNeighbourILb1EEERKNS0_5Vec2DIdEERKNS1_12PolygonPointIXT_EEE
FNDA:2560,_ZN7fishnet8geometry6__impl24PolygonSegmentSweepEventILb0EEC2ERKNS1_12PolygonPointILb0EEE
FNDA:1280,_ZN7fishnet8geometry6__impl24PolygonSegmentSweepEventILb1EEC2ERKNS1_12PolygonPointILb1EEE
FNDA:113940,_ZNK7fishnet8geometry6__impl24PolygonSegmentSweepEventILb0EE10eventPointEv
FNDA:55512,_ZNK7fishnet8geometry6__impl24PolygonSegmentSweepEventILb1EE10eventPointEv
FNDA:2560,_ZNK7fishnet8geometry6__impl24PolygonSegmentSweepEventILb0EE4stopERNS0_9SweepLineINS1_12PolygonPointILb0EEENS1_19ClosestPointsResultESt4lessIS6_ELb0ES8_IdEEERS7_
FNDA:1280,_ZNK7fishnet8geometry6__impl24PolygonSegmentSweepEventILb1EE4stopERNS0_9SweepLineINS1_12PolygonPointILb1EEENS1_19ClosestPointsResultESt4lessIS6_ELb0ES8_IdEEERS7_
FNDA:2280,_ZNK7fishnet8geometry6__impl24PolygonSegmentSweepEventILb0EE15lowerBoundQueryERNS1_19ClosestPointsResultE
FNDA:1048,_ZNK7fishnet8geometry6__impl24PolygonSegmentSweepEventILb1EE15lowerBoundQueryERNS1_19ClosestPointsResultE
FNDA:2280,_ZNK7fishnet8geometry6__impl24PolygonSegmentSweepEventILb0EE15upperBoundQueryERNS1_19ClosestPointsResultE
FNDA:1048,_ZNK7fishnet8geometry6__impl24PolygonSegmentSweepEventILb1EE15upperBoundQueryERNS1_19ClosestPointsResultE
FNDA:2560,_ZNK7fishnet8geometry6__impl24PolygonSegmentSweepEventILb0EE7processERNS0_9SweepLineINS1_12PolygonPointILb0EEENS1_19ClosestPointsResultESt4lessIS6_ELb0ES8_IdEEERS7_
FNDA:1280,_ZNK7fishnet8geometry6__impl24PolygonSegmentSweepEventILb1EE7processERNS0_9SweepLineINS1_12PolygonPointILb1EEENS1_19ClosestPointsResultESt4lessIS6_ELb0ES8_IdEEERS7_
FNDA:1,_ZN7fishnet8geometry6__implL18closestPointsSweepILb0ENSt6ranges8ref_viewIKSt6vectorINS0_7SegmentIdEESaIS7_EEEESB_EESt4pairINS0_5Vec2DIdEESE_EOT0_OT1_
FNDA:0,_ZN7fishnet8geometry6__implL18closestPointsSweepILb0ERNSt6ranges8ref_viewIKSt6vectorINS0_7SegmentIdEESaIS7_EEEERNS4_IKS5_INS6_IiEESaISD_EEEEEESt4pairINS0_5Vec2DIdEESL_EOT0_OT1_
FNDA:1,_ZN7fishnet8geometry6__implL18closestPointsSweepILb0ERNSt6ranges8ref_viewIKSt6vectorINS0_7SegmentIdEESaIS7_EEEESC_EESt4pairINS0_5Vec2DIdEESF_EOT0_OT1_
FNDA:1,_ZN7fishnet8geometry6__implL18closestPointsSweepILb1ENSt6ranges8ref_viewIKSt6vectorINS0_7SegmentIdEESaIS7_EEEESB_EESt4pairINS0_5Vec2DIdEESE_EOT0_OT1_
FNDA:0,_ZN7fishnet8geometry6__implL18closestPointsSweepILb1ERNSt6ranges8ref_viewIKSt6vectorINS0_7SegmentIdEESaIS7_EEEERNS4_IKS5_INS6_IiEESaISD_EEEEEESt4pairINS0_5Vec2DIdEESL_EOT0_OT1_
FNDA:0,_ZN7fishnet8geometry6__implL18closestPointsSweepILb1ERNSt6ranges8ref_viewIKSt6vectorINS0_7SegmentIdEESaIS7_EEEESC_EESt4pairINS0_5Vec2DIdEESF_EOT0_OT1_
FNDA:570,_ZZN7fishnet8geometry6__implL18closestPointsSweepILb0ENSt6ranges8ref_viewIKSt6vectorINS0_7SegmentIdEESaIS7_EEEESB_EESt4pairINS0_5Vec2DIdEESE_EOT0_OT1_ENKUlRKT_E_clIS7_EEDaSM_
FNDA:0,_ZZN7fishnet8geometry6__implL18closestPointsSweepILb0ERNSt6ranges8ref_viewIKSt6vectorINS0_7SegmentIdEESaIS7_EEEERNS4_IKS5_INS6_IiEESaISD_EEEEEESt4pairINS0_5Vec2DIdEESL_EOT0_OT1_ENKUlRKT_E_clIS7_EEDaST_
FNDA:570,_ZZN7fishnet8geometry6__implL18closestPointsSweepILb0ERNSt6ranges8ref_viewIKSt6vectorINS0_7SegmentIdEESaIS7_EEEESC_EESt4pairINS0_5Vec2DIdEESF_EOT0_OT1_ENKUlRKT_E_clIS7_EEDaSN_
FNDA:570,_ZZN7fishnet8geometry6__implL18closestPointsSweepILb1ENSt6ranges8ref_viewIKSt6vectorINS0_7SegmentIdEESaIS7_EEEESB_EESt4pairINS0_5Vec2DIdEESE_EOT0_OT1_ENKUlRKT_E_clIS7_EEDaSM_
FNDA:0,_ZZN7fishnet8geometry6__implL18closestPointsSweepILb1ERNSt6ranges8ref_viewIKSt6vectorINS0_7SegmentIdEESaIS7_EEEERNS4_IKS5_INS6_IiEESaISD_EEEEEESt4pairINS0_5Vec2DIdEESL_EOT0_OT1_ENKUlRKT_E_clIS7_EEDaST_
FNDA:0,_ZZN7fishnet8geometry6__implL18closestPointsSweepILb1ERNSt6ranges8ref_viewIKSt6vectorINS0_7SegmentIdEESaIS7_EEEESC_EESt4pairINS0_5Vec2DIdEESF_EOT0_OT1_ENKUlRKT_E_clIS7_EEDaSN_
FNDA:70,_ZZN7fishnet8geometry6__implL18closestPointsSweepILb0ENSt6ranges8ref_viewIKSt6vectorINS0_7SegmentIdEESaIS7_EEEESB_EESt4pairINS0_5Vec2DIdEESE_EOT0_OT1_ENKUlRKT_E0_clIS7_EEDaSM_
FNDA:0,_ZZN7fishnet8geometry6__implL18closestPointsSweepILb0ERNSt6ranges8ref_viewIKSt6vectorINS0_7SegmentIdEESaIS7_EEEERNS4_IKS5_INS6_IiEESaISD_EEEEEESt4pairINS0_5Vec2DIdEESL_EOT0_OT1_ENKUlRKT_E0_clISD_EEDaST_
FNDA:70,_ZZN7fishnet8geometry6__implL18closestPointsSweepILb0ERNSt6ranges8ref_viewIKSt6vectorINS0_7SegmentIdEESaIS7_EEEESC_EESt4pairINS0_5Vec2DIdEESF_EOT0_OT1_ENKUlRKT_E0_clIS7_EEDaSN_
FNDA:70,_ZZN7fishnet8geometry6__implL18closestPointsSweepILb1ENSt6ranges8ref_viewIKSt6vectorINS0_7SegmentIdEESaIS7_EEEESB_EESt4pairINS0_5Vec2DIdEESE_EOT0_OT1_ENKUlRKT_E0_clIS7_EEDaSM_
FNDA:0,_ZZN7fishnet8geometry6__implL18closestPointsSweepILb1ERNSt6ranges8ref_viewIKSt6vectorINS0_7SegmentIdEESaIS7_EEEERNS4_IKS5_INS6_IiEESaISD_EEEEEESt4pairINS0_5Vec2DIdEESL_EOT0_OT1_ENKUlRKT_E0_clISD_EEDaST_
FNDA:0,_ZZN7fishnet8geometry6__implL18closestPointsSweepILb1ERNSt6ranges8ref_viewIKSt6vectorINS0_7SegmentIdEESaIS7_EEEESC_EESt4pairINS0_5Vec2DIdEESF_EOT0_OT1_ENKUlRKT_E0_clIS7_EEDaSN_
FNDA:1280,_ZZN7fishnet8geometry6__implL18closestPointsSweepILb0ENSt6ranges8ref_viewIKSt6vectorINS0_7SegmentIdEESaIS7_EEEESB_EESt4pairINS0_5Vec2DIdEESE_EOT0_OT1_ENKUlRKT_E1_clINS1_12PolygonPointILb0EEEEEDaSM_
FNDA:0,_ZZN7fishnet8geometry6__implL18closestPointsSweepILb0ERNSt6ranges8ref_viewIKSt6vectorINS0_7SegmentIdEESaIS7_EEEERNS4_IKS5_INS6_IiEESaISD_EEEEEESt4pairINS0_5Vec2DIdEESL_EOT0_OT1_ENKUlRKT_E1_clINS1_12PolygonPointILb0EEEEEDaST_
FNDA:1280,_ZZN7fishnet8geometry6__implL18closestPointsSweepILb0ERNSt6ranges8ref_viewIKSt6vectorINS0_7SegmentIdEESaIS7_EEEESC_EESt4pairINS0_5Vec2DIdEESF_EOT0_OT1_ENKUlRKT_E1_clINS1_12PolygonPointILb0EEEEEDaSN_
FNDA:1280,_ZZN7fishnet8geometry6__implL18closestPointsSweepILb1ENSt6ranges8ref_viewIKSt6vectorINS0_7SegmentIdEESaIS7_EEEESB_EESt4pairINS0_5Vec2DIdEESE_EOT0_OT1_ENKUlRKT_E1_clINS1_12PolygonPointILb1EEEEEDaSM_
FNDA:0,_ZZN7fishnet8geometry6__implL18closestPointsSweepILb1ERNSt6ranges8ref_viewIKSt6vectorINS0_7SegmentIdEESaIS7_EEEERNS4_IKS5_INS6_IiEESaISD_EEEEEESt4pairINS0_5Vec2DIdEESL_EOT0_OT1_ENKUlRKT_E1_clINS1_12PolygonPointILb1EEEEEDaST_
FNDA:0,_ZZN7fishnet8geometry6__implL18closestPointsSweepILb1ERNSt6ranges8ref_viewIKSt6vectorINS0_7SegmentIdEESaIS7_EEEESC_EESt4pairINS0_5Vec2DIdEESF_EOT0_OT1_ENKUlRKT_E1_clINS1_12PolygonPointILb1EEEEEDaSN_
FNDA:73406,_ZN7fishnet8geometryL13closestPointsINS0_7SegmentIdEES3_EESt4pairINS0_5Vec2DIdEES6_ERKT_RKT0_
FNDA:0,_ZN7fishnet8geometry6__implL18closestPointsSweepIRNSt6ranges8ref_viewIKSt6vectorINS0_7SegmentIdEESaIS7_EEEERNS4_IKS5_INS6_IiEESaISD_EEEEEESt4pairINS0_5Vec2DIdEESL_EOT_OT0_
FNDA:1,_ZN7fishnet8geometry6__implL18closestPointsSweepIRNSt6ranges8ref_viewIKSt6vectorINS0_7SegmentIdEESaIS7_EEEESC_EESt4pairINS0_5Vec2DIdEESF_EOT_OT0_
FNDA:1,_ZN7fishnet8geometry6__implL23closestPointsBruteForceINSt6ranges8ref_viewIKSt6vectorINS0_7SegmentIdEESaIS7_EEEESB_EESt4pairINS0_5Vec2DIdEESE_EOT_OT0_
FNDA:1,_ZN7fishnet8geometry6__implL23closestPointsBruteForceIRNSt6ranges8ref_viewIKSt6vectorINS0_7SegmentIdEESaIS7_EEEERNS4_IKS5_INS6_IiEESaISD_EEEEEESt4pairINS0_5Vec2DIdEESL_EOT_OT0_
FNDA:68,_ZN7fishnet8geometry6__implL23closestPointsBruteForceIRNSt6ranges8ref_viewIKSt6vectorINS0_7SegmentIdEESaIS7_EEEESC_EESt4pairINS0_5Vec2DIdEESF_EOT_OT0_
FNDA:39900,_ZZN7fishnet8geometry6__implL23closestPointsBruteForceINSt6ranges8ref_viewIKSt6vectorINS0_7SegmentIdEESaIS7_EEEESB_EESt4pairINS0_5Vec2DIdEESE_EOT_OT0_ENKUlRKSG_E_clIS7_EEDaSL_
FNDA:40,_ZZN7fishnet8geometry6__implL23closestPointsBruteForceIRNSt6ranges8ref_viewIKSt6vectorINS0_7SegmentIdEESaIS7_EEEERNS4_IKS5_INS6_IiEESaISD_EEEEEESt4pairINS0_5Vec2DIdEESL_EOT_OT0_ENKUlRKSN_E_clIS7_EEDaSS_
FNDA:1144,_ZZN7fishnet8geometry6__implL23closestPointsBruteForceIRNSt6ranges8ref_viewIKSt6vectorINS0_7SegmentIdEESaIS7_EEEESC_EESt4pairINS0_5Vec2DIdEESF_EOT_OT0_ENKUlRKSH_E_clIS7_EEDaSM_
FNDA:39900,_ZZN7fishnet8geometry6__implL23closestPointsBruteForceINSt6ranges8ref_viewIKSt6vectorINS0_7SegmentIdEESaIS7_EEEESB_EESt4pairINS0_5Vec2DIdEESE_EOT_OT0_ENKUlRKSG_E0_clIS7_EEDaSL_
FNDA:40,_ZZN7fishnet8geometry6__implL23closestPointsBruteForceIRNSt6ranges8ref_viewIKSt6vectorINS0_7SegmentIdEESaIS7_EEEERNS4_IKS5_INS6_IiEESaISD_EEEEEESt4pairINS0_5Vec2DIdEESL_EOT_OT0_ENKUlRKSN_E0_clISD_EEDaSS_
FNDA:1144,_ZZN7fishnet8geometry6__implL23closestPointsBruteForceIRNSt6ranges8ref_viewIKSt6vectorINS0_7SegmentIdEESaIS7_EEEESC_EESt4pairINS0_5Vec2DIdEESF_EOT_OT0_ENKUlRKSH_E0_clIS7_EEDaSM_
FNDA:69,_ZN7fishnet8geometry6__impl23DefaultDistanceFunctionclIddEEdRKNS0_5Vec2DIT_EERKNS4_IT0_EE
FNDA:220218,_ZZN7fishnet8geometryL13closestPointsINS0_7SegmentIdEES3_EESt4pairINS0_5Vec2DIdEES6_ERKT_RKT0_ENKUlSA_SD_E_clIS7_S7_EEDaSA_SD_
FNDA:1,_ZN7fishnet8geometry6__implL13closestPointsINSt6ranges8ref_viewIKSt6vectorINS0_7SegmentIdEESaIS7_EEEENS4_IKS5_INS6_IiEESaISC_EEEEEESt4pairINS0_5Vec2DIdEESJ_EOT_OT0_
FNDA:69,_ZN7fishnet8geometry6__implL13closestPointsINSt6ranges8ref_viewIKSt6vectorINS0_7SegmentIdEESaIS7_EEEESB_EESt4pairINS0_5Vec2DIdEESE_EOT_OT0_
FNDA:1,_ZN7fishnet8geometryL13closestPointsINS0_4RingIdEENS2_IiEEEESt4pairINS0_5Vec2DIdEES7_ERKT_RKT0_
FNDA:69,_ZN7fishnet8geometryL13closestPointsINS0_4RingIdEES3_EESt4pairINS0_5Vec2DIdEES6_ERKT_RKT0_
FNDA:15,_ZN7fishnet8geometryL13closestPointsINS0_13SimplePolygonIdEES3_vEESt4pairINS0_5Vec2DIdEES6_ERKT_RKT0_
FNDA:1,_ZN7fishnet8geometryL13closestPointsINS0_7PolygonIdEES3_vEESt4pairINS0_5Vec2DIdEES6_ERKT_RKT0_
FNDA:15,_ZN7fishnet8geometryL13shapeDistanceINS0_13SimplePolygonIdEES3_NS0_6__impl23DefaultDistanceFunctionEEEdRKT_RKT0_RKT1_
FNDA:1,_ZN7fishnet8geometryL13shapeDistanceINS0_4RingIdEENS2_IiEENS0_6__impl23DefaultDistanceFunctionEEEdRKT_RKT0_RKT1_
FNDA:53,_ZN7fishnet8geometryL13shapeDistanceINS0_4RingIdEES3_NS0_6__impl23DefaultDistanceFunctionEEEdRKT_RKT0_RKT1_
FNDA:15,_ZN7fishnet8geometryL13shapeDistanceINS0_13SimplePolygonIdEES3_EEdRKT_RKT0_
FNDA:1,_ZN7fishnet8geometryL13shapeDistanceINS0_4RingIdEENS2_IiEEEEdRKT_RKT0_
FNDA:53,_ZN7fishnet8geometryL13shapeDistanceINS0_4RingIdEES3_EEdRKT_RKT0_
FNDA:3,_ZN7fishnet8geometry6__impl16PolygonReferenceC2Ev
FNDA:14381,_ZN7fishnet8geometry6__impl16PolygonReferenceC2ENS2_4TypeE
FNDA:515,_ZNK7fishnet8geometry6__impl16PolygonReference6isNoneEv
FNDA:7585,_ZN7fishnet8geometry6__impl16PolygonReference4THISEv
FNDA:6796,_ZN7fishnet8geometry6__impl16PolygonReference5OTHEREv
FNDA:38522,_ZNK7fishnet8geometry6__impl16PolygonReferenceltERKS2_
FNDA:113108,_ZNK7fishnet8geometry6__impl16PolygonReferenceeqERKS2_
FNDA:6656,_ZNK7fishnet8geometry6__impl16PolygonReference5otherEv
FNF:87
FNH:72
DA:17,375792
DA:18,375792
DA:19,375792
DA:20,375792
DA:21,375792
DA:22,8592
DA:23,367200
DA:34,73406
DA:35,293624
DA:36,73406
DA:37,73406
DA:38,73406
DA:39,73406
DA:41,73406
DA:42,220218
DA:43,220218
DA:44,220218
DA:45,73406
DA:64,3
DA:65,14381
DA:67,515
DA:68,515
DA:71,7585
DA:72,7585
DA:75,6796
DA:76,6796
DA:79,38522
DA:80,38522
DA:83,113108
DA:84,113108
DA:87,6656
DA:88,6656
DA:89,6376
DA:91,280
DA:109,10496
DA:110,10496
DA:112,320320
DA:113,320320
DA:116,77405
DA:117,77405
DA:120,108708
DA:121,108708
DA:123,26710
DA:125,43476
DA:127,38522
DA:148,3
DA:149,3
DA:151,3840
DA:152,3840
DA:153,3325
DA:155,515
DA:156,3
DA:158,515
DA:159,3
DA:161,515
DA:171,3840
DA:172,3840
DA:173,3420
DA:175,420
DA:176,3840
DA:186,0
DA:187,0
DA:188,0
DA:190,0
DA:200,3840
DA:202,169452
DA:204,55512
DA:206,113940
DA:217,3840
DA:219,1280
DA:221,2560
DA:230,3328
DA:232,1048
DA:234,2280
DA:243,3328
DA:245,1048
DA:247,2280
DA:250,3840
DA:251,3840
DA:252,3840
DA:253,3840
DA:254,3840
DA:255,3840
DA:256,3840
DA:258,0
DA:259,0
DA:260,0
DA:262,3840
DA:263,512
DA:264,3328
DA:265,3328
DA:266,3328
DA:267,3328
DA:268,3328
DA:269,76893
DA:270,73565
DA:273,73409
DA:274,65
DA:275,65
DA:278,156
DA:279,94
DA:280,94
DA:283,73406
DA:284,73406
DA:285,73406
DA:286,45
DA:288,45
DA:289,32
DA:290,32
DA:292,13
DA:293,13
DA:296,73406
DA:310,3
DA:311,3
DA:312,3
DA:313,3
DA:315,3
DA:316,3
DA:317,3423
DA:319,570
DA:320,570
DA:322,1140
DA:323,1140
DA:325,0
DA:327,423
DA:329,70
DA:330,70
DA:332,140
DA:333,140
DA:335,0
DA:337,7683
DA:338,3840
DA:340,3
DA:341,3
DA:342,3
DA:345,1
DA:346,1
DA:347,1
DA:348,1
DA:349,1
DA:350,0
DA:352,1
DA:363,70
DA:364,70
DA:365,70
DA:366,70
DA:367,41154
DA:368,41154
DA:369,934
DA:370,41948
DA:371,41084
DA:372,41084
DA:373,227
DA:374,227
DA:375,227
DA:379,415
DA:380,41429
DA:381,41084
DA:382,41084
DA:383,6
DA:384,6
DA:385,6
DA:389,70
DA:398,69
DA:399,69
DA:410,70
DA:412,70
DA:413,1
DA:415,69
DA:426,70
DA:427,70
DA:438,16
DA:439,16
DA:465,69
DA:466,69
DA:467,69
DA:477,69
DA:478,69
LF:178
LH:168
end_of_record
TN:
SF:/home/lolo/Documents/fishnet/lib/geometry/algorithm/include/fishnet/PolygonFilter.hpp
FN:101,101,_ZZN7fishnet8geometryL6filterINSt6ranges14transform_viewINS2_8ref_viewISt6vectorINS0_13SimplePolygonIdEESaIS7_EEEEZN35SweepLineTest_polygonFiltering_Test8TestBodyEvEUlRKT_E_EEZNSB_8TestBodyEvEUlRKS7_SI_E_ZNSB_8TestBodyEvEUlSI_E_EES5_INSt8__detail13__iter_traits10value_typeESaISN_EESE_T0_T1_ENKUlSE_E_clIS7_EEDaSE_
[...]
FN:28,28,_ZN36FilterTest_InsideBoundaryFilter_TestC2Ev
FN:28,28,_ZN36FilterTest_InsideBoundaryFilter_TestD0Ev
FN:28,28,_ZN36FilterTest_InsideBoundaryFilter_TestD2Ev
FNDA:1,_ZN32FilterTest_ApproxAreaFilter_Test8TestBodyEv
FNDA:1,_ZN32FilterTest_ApproxAreaFilter_TestC2Ev
FNDA:1,_ZN32FilterTest_ApproxAreaFilter_TestD0Ev
FNDA:1,_ZN32FilterTest_ApproxAreaFilter_TestD2Ev
FNDA:1,_ZN35FilterTest_ProjectedAreaFilter_Test8TestBodyEv
FNDA:1,_ZN35FilterTest_ProjectedAreaFilter_TestC2Ev
FNDA:1,_ZN35FilterTest_ProjectedAreaFilter_TestD0Ev
FNDA:1,_ZN35FilterTest_ProjectedAreaFilter_TestD2Ev
FNDA:1,_ZN36FilterTest_InsideBoundaryFilter_Test8TestBodyEv
FNDA:1,_ZN36FilterTest_InsideBoundaryFilter_TestC2Ev
FNDA:1,_ZN36FilterTest_InsideBoundaryFilter_TestD0Ev
FNDA:1,_ZN36FilterTest_InsideBoundaryFilter_TestD2Ev
FNF:12
FNH:12
DA:12,4
DA:13,1
DA:14,1
DA:15,1
DA:19,1
DA:20,1
DA:22,4
DA:23,1
DA:24,1
DA:25,1
DA:26,1
DA:28,4
DA:31,1
DA:32,1
DA:33,1
DA:34,1
DA:35,1
DA:36,1
DA:37,1
LF:19
LH:19
end_of_record
TN:
SF:/home/lolo/Documents/fishnet/tests/workflow/JobAdjacencyTest.cpp
FN:105,105,_ZN39JobAdjacencyTest_removeAdjacencies_Test8TestBodyEv
FN:105,105,_ZN39JobAdjacencyTest_removeAdjacencies_TestC2Ev
FN:105,105,_ZN39JobAdjacencyTest_removeAdjacencies_TestD0Ev
FN:105,105,_ZN39JobAdjacencyTest_removeAdjacencies_TestD2Ev
FN:115,115,_ZN27JobAdjacencyTest_clear_Test8TestBodyEv
FN:115,115,_ZN27JobAdjacencyTest_clear_TestC2Ev
FN:115,115,_ZN27JobAdjacencyTest_clear_TestD0Ev
FN:115,115,_ZN27JobAdjacencyTest_clear_TestD2Ev
FN:121,121,_ZN30JobAdjacencyTest_contains_Test8TestBodyEv
FN:121,121,_ZN30JobAdjacencyTest_contains_TestC2Ev
FN:121,121,_ZN30JobAdjacencyTest_contains_TestD0Ev
FN:121,121,_ZN30JobAdjacencyTest_contains_TestD2Ev
FN:13,25,_ZN16JobAdjacencyTest5SetUpEv
FN:130,130,_ZN34JobAdjacencyTest_hasAdjacency_Test8TestBodyEv
FN:130,130,_ZN34JobAdjacencyTest_hasAdjacency_TestC2Ev
FN:130,130,_ZN34JobAdjacencyTest_hasAdjacency_TestD0Ev
FN:130,130,_ZN34JobAdjacencyTest_hasAdjacency_TestD2Ev
FN:136,141,_ZN31JobAdjacencyTest_adjacency_Test8TestBodyEv
FN:136,141,_ZN31JobAdjacencyTest_adjacency_TestC2Ev
FN:136,141,_ZN31JobAdjacencyTest_adjacency_TestD0Ev
FN:136,141,_ZN31JobAdjacencyTest_adjacency_TestD2Ev
FN:14,14,_ZZN16JobAdjacencyTest5SetUpEvENKUlOT_E_clI18MemgraphConnectionEEDaS1_
FN:143,147,_ZN27JobAdjacencyTest_nodes_Test8TestBodyEv
FN:143,147,_ZN27JobAdjacencyTest_nodes_TestC2Ev
FN:143,147,_ZN27JobAdjacencyTest_nodes_TestD0Ev
FN:143,147,_ZN27JobAdjacencyTest_nodes_TestD2Ev
FN:149,154,_ZN30JobAdjacencyTest_adjPairs_Test8TestBodyEv
FN:149,154,_ZN30JobAdjacencyTest_adjPairs_TestC2Ev
FN:149,154,_ZN30JobAdjacencyTest_adjPairs_TestD0Ev
FN:149,154,_ZN30JobAdjacencyTest_adjPairs_TestD2Ev
FN:27,31,_ZN16JobAdjacencyTest8TearDownEv
FN:42,42,_ZN29JobAdjacencyTest_initDAG_Test8TestBodyEv
FN:42,42,_ZN29JobAdjacencyTest_initDAG_TestC2Ev
FN:42,42,_ZN29JobAdjacencyTest_initDAG_TestD0Ev
FN:42,42,_ZN29JobAdjacencyTest_initDAG_TestD2Ev
FN:46,46,_ZN29JobAdjacencyTest_addNode_Test8TestBodyEv
FN:46,46,_ZN29JobAdjacencyTest_addNode_TestC2Ev
FN:46,46,_ZN29JobAdjacencyTest_addNode_TestD0Ev
FN:46,46,_ZN29JobAdjacencyTest_addNode_TestD2Ev
FN:56,56,_ZN30JobAdjacencyTest_addNodes_Test8TestBodyEv
FN:56,56,_ZN30JobAdjacencyTest_addNodes_TestC2Ev
FN:56,56,_ZN30JobAdjacencyTest_addNodes_TestD0Ev
FN:56,56,_ZN30JobAdjacencyTest_addNodes_TestD2Ev
FN:66,66,_ZN34JobAdjacencyTest_addAdjacency_Test8TestBodyEv
FN:66,66,_ZN34JobAdjacencyTest_addAdjacency_TestC2Ev
FN:66,66,_ZN34JobAdjacencyTest_addAdjacency_TestD0Ev
FN:66,66,_ZN34JobAdjacencyTest_addAdjacency_TestD2Ev
FN:74,74,_ZN36JobAdjacencyTest_addAdjacencies_Test8TestBodyEv
FN:74,74,_ZN36JobAdjacencyTest_addAdjacencies_TestC2Ev
FN:74,74,_ZN36JobAdjacencyTest_addAdjacencies_TestD0Ev
FN:74,74,_ZN36JobAdjacencyTest_addAdjacencies_TestD2Ev
FN:88,93,_ZN32JobAdjacencyTest_removeNode_Test8TestBodyEv
FN:88,93,_ZN32JobAdjacencyTest_removeNode_TestC2Ev
FN:88,93,_ZN32JobAdjacencyTest_removeNode_TestD0Ev
FN:88,93,_ZN32JobAdjacencyTest_removeNode_TestD2Ev
FN:95,95,_ZN37JobAdjacencyTest_removeAdjacency_Test8TestBodyEv
FN:95,95,_ZN37JobAdjacencyTest_removeAdjacency_TestC2Ev
FN:95,95,_ZN37JobAdjacencyTest_removeAdjacency_TestD0Ev
FN:95,95,_ZN37JobAdjacencyTest_removeAdjacency_TestD2Ev
FNDA:1,_ZN39JobAdjacencyTest_removeAdjacencies_Test8TestBodyEv
FNDA:1,_ZN39JobAdjacencyTest_removeAdjacencies_TestC2Ev
FNDA:1,_ZN39JobAdjacencyTest_removeAdjacencies_TestD0Ev
FNDA:1,_ZN39JobAdjacencyTest_removeAdjacencies_TestD2Ev
FNDA:1,_ZN27JobAdjacencyTest_clear_Test8TestBodyEv
FNDA:1,_ZN27JobAdjacencyTest_clear_TestC2Ev
FNDA:1,_ZN27JobAdjacencyTest_clear_TestD0Ev
FNDA:1,_ZN27JobAdjacencyTest_clear_TestD2Ev
FNDA:1,_ZN30JobAdjacencyTest_contains_Test8TestBodyEv
FNDA:1,_ZN30JobAdjacencyTest_contains_TestC2Ev
FNDA:1,_ZN30JobAdjacencyTest_contains_TestD0Ev
FNDA:1,_ZN30JobAdjacencyTest_contains_TestD2Ev
FNDA:14,_ZN16JobAdjacencyTest5SetUpEv
FNDA:1,_ZN34JobAdjacencyTest_hasAdjacency_Test8TestBodyEv
FNDA:1,_ZN34JobAdjacencyTest_hasAdjacency_TestC2Ev
FNDA:1,_ZN34JobAdjacencyTest_hasAdjacency_TestD0Ev
FNDA:1,_ZN34JobAdjacencyTest_hasAdjacency_TestD2Ev
FNDA:1,_ZN31JobAdjacencyTest_adjacency_Test8TestBodyEv
FNDA:1,_ZN31JobAdjacencyTest_adjacency_TestC2Ev
FNDA:1,_ZN31JobAdjacencyTest_adjacency_TestD0Ev
FNDA:1,_ZN31JobAdjacencyTest_adjacency_TestD2Ev
FNDA:14,_ZZN16JobAdjacencyTest5SetUpEvENKUlOT_E_clI18MemgraphConnectionEEDaS1_
FNDA:1,_ZN27JobAdjacencyTest_nodes_Test8TestBodyEv
FNDA:1,_ZN27JobAdjacencyTest_nodes_TestC2Ev
FNDA:1,_ZN27JobAdjacencyTest_nodes_TestD0Ev
FNDA:1,_ZN27JobAdjacencyTest_nodes_TestD2Ev
FNDA:1,_ZN30JobAdjacencyTest_adjPairs_Test8TestBodyEv
FNDA:1,_ZN30JobAdjacencyTest_adjPairs_TestC2Ev
FNDA:1,_ZN30JobAdjacencyTest_adjPairs_TestD0Ev
FNDA:1,_ZN30JobAdjacencyTest_adjPairs_TestD2Ev
FNDA:14,_ZN16JobAdjacencyTest8TearDownEv
FNDA:1,_ZN29JobAdjacencyTest_initDAG_Test8TestBodyEv
FNDA:1,_ZN29JobAdjacencyTest_initDAG_TestC2Ev
FNDA:1,_ZN29JobAdjacencyTest_initDAG_TestD0Ev
FNDA:1,_ZN29JobAdjacencyTest_initDAG_TestD2Ev
FNDA:1,_ZN29JobAdjacencyTest_addNode_Test8TestBodyEv
FNDA:1,_ZN29JobAdjacencyTest_addNode_TestC2Ev
FNDA:1,_ZN29JobAdjacencyTest_addNode_TestD0Ev
FNDA:1,_ZN29JobAdjacencyTest_addNode_TestD2Ev
FNDA:1,_ZN30JobAdjacencyTest_addNodes_Test8TestBodyEv
FNDA:1,_ZN30JobAdjacencyTest_addNodes_TestC2Ev
FNDA:1,_ZN30JobAdjacencyTest_addNodes_TestD0Ev
FNDA:1,_ZN30JobAdjacencyTest_addNodes_TestD2Ev
FNDA:1,_ZN34JobAdjacencyTest_addAdjacency_Test8TestBodyEv
FNDA:1,_ZN34JobAdjacencyTest_addAdjacency_TestC2Ev
FNDA:1,_ZN34JobAdjacencyTest_addAdjacency_TestD0Ev
FNDA:1,_ZN34JobAdjacencyTest_addAdjacency_TestD2Ev
FNDA:1,_ZN36JobAdjacencyTest_addAdjacencies_Test8TestBodyEv
FNDA:1,_ZN36JobAdjacencyTest_addAdjacencies_TestC2Ev
FNDA:1,_ZN36JobAdjacencyTest_addAdjacencies_TestD0Ev
FNDA:1,_ZN36JobAdjacencyTest_addAdjacencies_TestD2Ev
FNDA:1,_ZN32JobAdjacencyTest_removeNode_Test8TestBodyEv
FNDA:1,_ZN32JobAdjacencyTest_removeNode_TestC2Ev
FNDA:1,_ZN32JobAdjacencyTest_removeNode_TestD0Ev
FNDA:1,_ZN32JobAdjacencyTest_removeNode_TestD2Ev
FNDA:1,_ZN37JobAdjacencyTest_removeAdjacency_Test8TestBodyEv
FNDA:1,_ZN37JobAdjacencyTest_removeAdjacency_TestC2Ev
FNDA:1,_ZN37JobAdjacencyTest_removeAdjacency_TestD0Ev
FNDA:1,_ZN37JobAdjacencyTest_removeAdjacency_TestD2Ev
FNF:59
FNH:59
DA:13,14
DA:14,28
DA:15,14
DA:16,0
DA:18,14
DA:19,14
DA:20,14
DA:21,14
DA:22,14
DA:23,14
DA:24,14
DA:25,14
DA:27,14
DA:28,14
DA:29,14
DA:31,14
DA:42,4
DA:43,2
DA:44,1
DA:46,4
DA:47,1
DA:48,1
DA:49,1
DA:50,1
DA:51,1
DA:52,1
DA:53,1
DA:54,1
DA:56,4
DA:60,4
DA:61,1
DA:62,1
DA:63,1
DA:64,3
DA:66,4
DA:67,1
DA:68,1
DA:69,1
DA:70,1
DA:71,1
DA:72,1
DA:74,4
DA:78,4
DA:80,1
DA:81,4
DA:82,1
DA:83,1
DA:84,1
DA:85,1
DA:86,4
DA:88,4
DA:89,1
DA:90,1
DA:91,1
DA:92,1
DA:93,1
DA:95,4
DA:96,1
DA:97,1
DA:98,1
DA:99,1
DA:100,1
DA:101,1
DA:102,1
DA:103,1
DA:105,4
DA:107,2
DA:108,4
DA:109,1
DA:110,1
DA:111,1
DA:112,1
DA:113,2
DA:115,4
DA:116,1
DA:117,1
DA:118,1
DA:119,1
DA:121,4
DA:122,1
DA:123,1
DA:124,1
DA:125,2
DA:126,1
DA:127,1
DA:128,1
DA:130,4
DA:131,1
DA:132,1
DA:133,1
DA:134,1
DA:136,4
DA:137,1
DA:138,1
DA:139,1
DA:140,1
DA:141,1
DA:143,4
DA:144,1
DA:145,1
DA:146,6
DA:147,2
DA:149,4
DA:151,2
DA:152,4
DA:153,1
DA:154,2
LF:107
LH:106
end_of_record
TN:
SF:/home/lolo/Documents/fishnet/tests/workflow/MemgraphTest.cpp
FN:104,113,_ZN28MemgraphTest_removeNode_Test8TestBodyEv
FN:104,113,_ZN28MemgraphTest_removeNode_TestC2Ev
FN:104,113,_ZN28MemgraphTest_removeNode_TestD0Ev
FN:104,113,_ZN28MemgraphTest_removeNode_TestD2Ev
FN:115,115,_ZN29MemgraphTest_removeNodes_Test8TestBodyEv
FN:115,115,_ZN29MemgraphTest_removeNodes_TestC2Ev
FN:115,115,_ZN29MemgraphTest_removeNodes_TestD0Ev
FN:115,115,_ZN29MemgraphTest_removeNodes_TestD2Ev
FN:119,119,_ZZN29MemgraphTest_removeNodes_Test8TestBodyEvENKUlmE_clEm
FN:12,14,_ZNK11ExampleNode3keyEv
FN:145,145,_ZN33MemgraphTest_removeAdjacency_Test8TestBodyEv
FN:145,145,_ZN33MemgraphTest_removeAdjacency_TestC2Ev
FN:145,145,_ZN33MemgraphTest_removeAdjacency_TestD0Ev
FN:145,145,_ZN33MemgraphTest_removeAdjacency_TestD2Ev
FN:15,17,_ZNK11ExampleNode4fileEv
FN:156,176,_ZN35MemgraphTest_removeAdjacencies_Test8TestBodyEv
FN:156,176,_ZN35MemgraphTest_removeAdjacencies_TestC2Ev
FN:156,176,_ZN35MemgraphTest_removeAdjacencies_TestD0Ev
FN:156,176,_ZN35MemgraphTest_removeAdjacencies_TestD2Ev
FN:166,168,_ZZN35MemgraphTest_removeAdjacencies_Test8TestBodyEvENKUlRKT_E_clISt4pairI11ExampleNodeS6_EEEDaS2_
FN:178,178,_ZN26MemgraphTest_contains_Test8TestBodyEv
FN:178,178,_ZN26MemgraphTest_contains_TestC2Ev
FN:178,178,_ZN26MemgraphTest_contains_TestD0Ev
FN:178,178,_ZN26MemgraphTest_contains_TestD2Ev
FN:188,199,_ZN30MemgraphTest_hasAdjacency_Test8TestBodyEv
FN:188,199,_ZN30MemgraphTest_hasAdjacency_TestC2Ev
FN:188,199,_ZN30MemgraphTest_hasAdjacency_TestD0Ev
FN:188,199,_ZN30MemgraphTest_hasAdjacency_TestD2Ev
FN:19,21,_ZNK11ExampleNodeeqERKS_
FN:201,201,_ZN27MemgraphTest_adjacency_Test8TestBodyEv
FN:201,201,_ZN27MemgraphTest_adjacency_TestC2Ev
FN:201,201,_ZN27MemgraphTest_adjacency_TestD0Ev
FN:201,201,_ZN27MemgraphTest_adjacency_TestD2Ev
FN:219,234,_ZN23MemgraphTest_nodes_Test8TestBodyEv
FN:219,234,_ZN23MemgraphTest_nodes_TestC2Ev
FN:219,234,_ZN23MemgraphTest_nodes_TestD0Ev
FN:219,234,_ZN23MemgraphTest_nodes_TestD2Ev
FN:236,236,_ZN32MemgraphTest_adjacencyPairs_Test8TestBodyEv
FN:236,236,_ZN32MemgraphTest_adjacencyPairs_TestC2Ev
FN:236,236,_ZN32MemgraphTest_adjacencyPairs_TestD0Ev
FN:236,236,_ZN32MemgraphTest_adjacencyPairs_TestD2Ev
FN:252,252,_ZN23MemgraphTest_clear_Test8TestBodyEv
FN:252,252,_ZN23MemgraphTest_clear_TestC2Ev
FN:252,252,_ZN23MemgraphTest_clear_TestD0Ev
FN:252,252,_ZN23MemgraphTest_clear_TestD2Ev
FN:266,277,_ZN33MemgraphTest_undirectedGraph_Test8TestBodyEv
FN:266,277,_ZN33MemgraphTest_undirectedGraph_TestC2Ev
FN:266,277,_ZN33MemgraphTest_undirectedGraph_TestD0Ev
FN:266,277,_ZN33MemgraphTest_undirectedGraph_TestD2Ev
FN:269,269,_ZZN33MemgraphTest_undirectedGraph_Test8TestBodyEvENKUlOT_E_clI18MemgraphConnectionEEDaS1_
FN:36,47,_ZN12MemgraphTest5SetUpEv
FN:37,37,_ZZN12MemgraphTest5SetUpEvENKUlOT_E_clI18MemgraphConnectionEEDaS1_
FN:49,52,_ZN12MemgraphTest8TearDownEv
FN:60,60,_ZN24MemgraphTest_create_Test8TestBodyEv
FN:60,60,_ZN24MemgraphTest_create_TestC2Ev
FN:60,60,_ZN24MemgraphTest_create_TestD0Ev
FN:60,60,_ZN24MemgraphTest_create_TestD2Ev
FN:67,67,_ZN30MemgraphTest_addAdjacency_Test8TestBodyEv
FN:67,67,_ZN30MemgraphTest_addAdjacency_TestC2Ev
FN:67,67,_ZN30MemgraphTest_addAdjacency_TestD0Ev
FN:67,67,_ZN30MemgraphTest_addAdjacency_TestD2Ev
FN:74,74,_ZN32MemgraphTest_addAdjacencies_Test8TestBodyEv
FN:74,74,_ZN32MemgraphTest_addAdjacencies_TestC2Ev
FN:74,74,_ZN32MemgraphTest_addAdjacencies_TestD0Ev
FN:74,74,_ZN32MemgraphTest_addAdjacencies_TestD2Ev
FN:86,86,_ZN25MemgraphTest_addNode_Test8TestBodyEv
FN:86,86,_ZN25MemgraphTest_addNode_TestC2Ev
FN:86,86,_ZN25MemgraphTest_addNode_TestD0Ev
FN:86,86,_ZN25MemgraphTest_addNode_TestD2Ev
FN:93,93,_ZN26MemgraphTest_addNodes_Test8TestBodyEv
FN:93,93,_ZN26MemgraphTest_addNodes_TestC2Ev
FN:93,93,_ZN26MemgraphTest_addNodes_TestD0Ev
FN:93,93,_ZN26MemgraphTest_addNodes_TestD2Ev
FN:97,97,_ZZN26MemgraphTest_addNodes_Test8TestBodyEvENKUlmE_clEm
FNDA:1,_ZN28MemgraphTest_removeNode_Test8TestBodyEv
FNDA:1,_ZN28MemgraphTest_removeNode_TestC2Ev
FNDA:1,_ZN28MemgraphTest_removeNode_TestD0Ev
FNDA:1,_ZN28MemgraphTest_removeNode_TestD2Ev
FNDA:1,_ZN29MemgraphTest_removeNodes_Test8TestBodyEv
FNDA:1,_ZN29MemgraphTest_removeNodes_TestC2Ev
FNDA:1,_ZN29MemgraphTest_removeNodes_TestD0Ev
FNDA:1,_ZN29MemgraphTest_removeNodes_TestD2Ev
FNDA:1875,_ZZN29MemgraphTest_removeNodes_Test8TestBodyEvENKUlmE_clEm
FNDA:9680,_ZNK11ExampleNode3keyEv
FNDA:1,_ZN33MemgraphTest_removeAdjacency_Test8TestBodyEv
FNDA:1,_ZN33MemgraphTest_removeAdjacency_TestC2Ev
FNDA:1,_ZN33MemgraphTest_removeAdjacency_TestD0Ev
FNDA:1,_ZN33MemgraphTest_removeAdjacency_TestD2Ev
FNDA:2021,_ZNK11ExampleNode4fileEv
FNDA:1,_ZN35MemgraphTest_removeAdjacencies_Test8TestBodyEv
FNDA:1,_ZN35MemgraphTest_removeAdjacencies_TestC2Ev
FNDA:1,_ZN35MemgraphTest_removeAdjacencies_TestD0Ev
FNDA:1,_ZN35MemgraphTest_removeAdjacencies_TestD2Ev
FNDA:394,_ZZN35MemgraphTest_removeAdjacencies_Test8TestBodyEvENKUlRKT_E_clISt4pairI11ExampleNodeS6_EEEDaS2_
FNDA:1,_ZN26MemgraphTest_contains_Test8TestBodyEv
FNDA:1,_ZN26MemgraphTest_contains_TestC2Ev
FNDA:1,_ZN26MemgraphTest_contains_TestD0Ev
FNDA:1,_ZN26MemgraphTest_contains_TestD2Ev
FNDA:1,_ZN30MemgraphTest_hasAdjacency_Test8TestBodyEv
FNDA:1,_ZN30MemgraphTest_hasAdjacency_TestC2Ev
FNDA:1,_ZN30MemgraphTest_hasAdjacency_TestD0Ev
FNDA:1,_ZN30MemgraphTest_hasAdjacency_TestD2Ev
FNDA:21,_ZNK11ExampleNodeeqERKS_
FNDA:1,_ZN27MemgraphTest_adjacency_Test8TestBodyEv
FNDA:1,_ZN27MemgraphTest_adjacency_TestC2Ev
FNDA:1,_ZN27MemgraphTest_adjacency_TestD0Ev
FNDA:1,_ZN27MemgraphTest_adjacency_TestD2Ev
FNDA:1,_ZN23MemgraphTest_nodes_Test8TestBodyEv
FNDA:1,_ZN23MemgraphTest_nodes_TestC2Ev
FNDA:1,_ZN23MemgraphTest_nodes_TestD0Ev
FNDA:1,_ZN23MemgraphTest_nodes_TestD2Ev
FNDA:1,_ZN32MemgraphTest_adjacencyPairs_Test8TestBodyEv
FNDA:1,_ZN32MemgraphTest_adjacencyPairs_TestC2Ev
FNDA:1,_ZN32MemgraphTest_adjacencyPairs_TestD0Ev
FNDA:1,_ZN32MemgraphTest_adjacencyPairs_TestD2Ev
FNDA:1,_ZN23MemgraphTest_clear_Test8TestBodyEv
FNDA:1,_ZN23MemgraphTest_clear_TestC2Ev
FNDA:1,_ZN23MemgraphTest_clear_TestD0Ev
FNDA:1,_ZN23MemgraphTest_clear_TestD2Ev
FNDA:1,_ZN33MemgraphTest_undirectedGraph_Test8TestBodyEv
FNDA:1,_ZN33MemgraphTest_undirectedGraph_TestC2Ev
FNDA:1,_ZN33MemgraphTest_undirectedGraph_TestD0Ev
FNDA:1,_ZN33MemgraphTest_undirectedGraph_TestD2Ev
FNDA:1,_ZZN33MemgraphTest_undirectedGraph_Test8TestBodyEvENKUlOT_E_clI18MemgraphConnectionEEDaS1_
FNDA:16,_ZN12MemgraphTest5SetUpEv
FNDA:16,_ZZN12MemgraphTest5SetUpEvENKUlOT_E_clI18MemgraphConnectionEEDaS1_
FNDA:16,_ZN12MemgraphTest8TearDownEv
FNDA:1,_ZN24MemgraphTest_create_Test8TestBodyEv
FNDA:1,_ZN24MemgraphTest_create_TestC2Ev
FNDA:1,_ZN24MemgraphTest_create_TestD0Ev
FNDA:1,_ZN24MemgraphTest_create_TestD2Ev
FNDA:1,_ZN30MemgraphTest_addAdjacency_Test8TestBodyEv
FNDA:1,_ZN30MemgraphTest_addAdjacency_TestC2Ev
FNDA:1,_ZN30MemgraphTest_addAdjacency_TestD0Ev
FNDA:1,_ZN30MemgraphTest_addAdjacency_TestD2Ev
FNDA:1,_ZN32MemgraphTest_addAdjacencies_Test8TestBodyEv
FNDA:1,_ZN32MemgraphTest_addAdjacencies_TestC2Ev
FNDA:1,_ZN32MemgraphTest_addAdjacencies_TestD0Ev
FNDA:1,_ZN32MemgraphTest_addAdjacencies_TestD2Ev
FNDA:1,_ZN25MemgraphTest_addNode_Test8TestBodyEv
FNDA:1,_ZN25MemgraphTest_addNode_TestC2Ev
FNDA:1,_ZN25MemgraphTest_addNode_TestD0Ev
FNDA:1,_ZN25MemgraphTest_addNode_TestD2Ev
FNDA:1,_ZN26MemgraphTest_addNodes_Test8TestBodyEv
FNDA:1,_ZN26MemgraphTest_addNodes_TestC2Ev
FNDA:1,_ZN26MemgraphTest_addNodes_TestD0Ev
FNDA:1,_ZN26MemgraphTest_addNodes_TestD2Ev
FNDA:5000,_ZZN26MemgraphTest_addNodes_Test8TestBodyEvENKUlmE_clEm
FNF:74
FNH:74
DA:12,9680
DA:13,9680
DA:15,2021
DA:16,2021
DA:19,21
DA:20,21
DA:36,16
DA:37,32
DA:38,16
DA:39,0
DA:42,16
DA:43,16
DA:44,16
DA:46,0
DA:47,16
DA:49,16
DA:50,16
DA:51,16
DA:52,16
DA:60,4
DA:61,1
DA:62,1
DA:63,1
DA:64,1
DA:67,4
DA:68,1
DA:69,1
DA:70,1
DA:71,1
DA:72,1
DA:74,4
DA:75,1
DA:76,1
DA:77,101
DA:78,100
DA:80,1
DA:81,101
DA:82,100
DA:84,1
DA:86,4
DA:87,1
DA:88,1
DA:89,1
DA:90,1
DA:91,1
DA:93,4
DA:94,1
DA:95,1
DA:96,1
DA:97,5002
DA:98,1
DA:99,2001
DA:100,1000
DA:102,1
DA:104,4
DA:105,1
DA:106,1
DA:107,1
DA:108,1
DA:109,1
DA:110,1
DA:111,1
DA:112,1
DA:113,1
DA:115,4
DA:116,1
DA:117,1
DA:118,1
DA:119,1877
DA:120,1
DA:121,251
DA:122,250
DA:124,1
DA:125,1
DA:128,3
DA:129,1
DA:130,1
DA:131,251
DA:132,250
DA:133,125
DA:135,125
DA:138,3
DA:139,2
DA:143,1
DA:145,4
DA:146,1
DA:147,1
DA:148,1
DA:149,1
DA:150,1
DA:151,1
DA:152,1
DA:153,1
DA:154,1
DA:156,4
DA:157,1
DA:158,1
DA:159,101
DA:160,100
DA:162,1
DA:163,101
DA:164,100
DA:166,395
DA:167,394
DA:168,1
DA:169,1
DA:170,1
DA:171,199
DA:172,99
DA:174,1
DA:175,1
DA:176,1
DA:178,4
DA:179,1
DA:180,1
DA:181,1
DA:182,1
DA:183,1
DA:184,1
DA:185,1
DA:186,1
DA:188,4
DA:189,1
DA:190,1
DA:191,1
DA:192,1
DA:193,1
DA:194,1
DA:195,1
DA:196,1
DA:197,1
DA:198,1
DA:199,1
DA:201,4
DA:202,1
DA:203,1
DA:204,1
DA:205,1
DA:206,1
DA:207,1
DA:208,1
DA:209,1
DA:210,1
DA:211,1
DA:212,1
DA:213,1
DA:214,1
DA:215,1
DA:216,1
DA:217,1
DA:219,4
DA:220,1
DA:221,1
DA:222,1
DA:223,1
DA:224,1
DA:225,1
DA:226,1
DA:227,2
DA:228,1
DA:229,1
DA:230,1
DA:231,1
DA:232,1
DA:233,1
DA:234,1
DA:236,4
DA:237,1
DA:238,1
DA:239,1
DA:240,1
DA:241,1
DA:242,1
DA:243,1
DA:244,1
DA:245,1
DA:248,2
DA:249,1
DA:250,1
DA:252,4
DA:253,1
DA:254,1
DA:255,1
DA:256,1
DA:257,1
DA:258,1
DA:259,1
DA:260,1
DA:261,1
DA:262,1
DA:263,1
DA:264,1
DA:266,4
DA:267,1
DA:268,1
DA:269,2
DA:270,1
DA:271,1
DA:272,1
DA:273,1
DA:274,1
DA:275,1
DA:277,1
LF:203
LH:201
end_of_record
TN:
SF:/home/lolo/Documents/fishnet/tests/workflow/PolygonDistanceTest.cpp
FN:19,42,_Z11runScenarioIL13ExecutionMode0EN7fishnet8geometry7PolygonIdEES4_ESt4pairINS2_5Vec2DIdEES7_ERKT0_RKT1_mSt17basic_string_viewIcSt11char_traitsIcEE
FN:19,42,_Z11runScenarioIL13ExecutionMode1EN7fishnet8geometry7PolygonIdEES4_ESt4pairINS2_5Vec2DIdEES7_ERKT0_RKT1_mSt17basic_string_viewIcSt11char_traitsIcEE
FN:19,42,_Z11runScenarioIL13ExecutionMode2EN7fishnet8geometry7PolygonIdEES4_ESt4pairINS2_5Vec2DIdEES7_ERKT0_RKT1_mSt17basic_string_viewIcSt11char_traitsIcEE
FN:19,42,_Z11runScenarioIL13ExecutionMode3EN7fishnet8geometry7PolygonIdEES4_ESt4pairINS2_5Vec2DIdEES7_ERKT0_RKT1_mSt17basic_string_viewIcSt11char_traitsIcEE
FN:44,53,_Z12runScenariosIN7fishnet8geometry7PolygonIdEES3_EvRKT_RKT0_mSt17basic_string_viewIcSt11char_traitsIcEE
FN:57,57,_ZN42PolygonDistanceTest_settlementSamples_Test8TestBodyEv
FN:57,57,_ZN42PolygonDistanceTest_settlementSamples_TestC2Ev
FN:57,57,_ZN42PolygonDistanceTest_settlementSamples_TestD0Ev
FN:57,57,_ZN42PolygonDistanceTest_settlementSamples_TestD2Ev
FNDA:1,_Z11runScenarioIL13ExecutionMode0EN7fishnet8geometry7PolygonIdEES4_ESt4pairINS2_5Vec2DIdEES7_ERKT0_RKT1_mSt17basic_string_viewIcSt11char_traitsIcEE
FNDA:1,_Z11runScenarioIL13ExecutionMode1EN7fishnet8geometry7PolygonIdEES4_ESt4pairINS2_5Vec2DIdEES7_ERKT0_RKT1_mSt17basic_string_viewIcSt11char_traitsIcEE
FNDA:1,_Z11runScenarioIL13ExecutionMode2EN7fishnet8geometry7PolygonIdEES4_ESt4pairINS2_5Vec2DIdEES7_ERKT0_RKT1_mSt17basic_string_viewIcSt11char_traitsIcEE
FNDA:1,_Z11runScenarioIL13ExecutionMode3EN7fishnet8geometry7PolygonIdEES4_ESt4pairINS2_5Vec2DIdEES7_ERKT0_RKT1_mSt17basic_string_viewIcSt11char_traitsIcEE
FNDA:1,_Z12runScenariosIN7fishnet8geometry7PolygonIdEES3_EvRKT_RKT0_mSt17basic_string_viewIcSt11char_traitsIcEE
FNDA:1,_ZN42PolygonDistanceTest_settlementSamples_Test8TestBodyEv
FNDA:1,_ZN42PolygonDistanceTest_settlementSamples_TestC2Ev
FNDA:1,_ZN42PolygonDistanceTest_settlementSamples_TestD0Ev
FNDA:1,_ZN42PolygonDistanceTest_settlementSamples_TestD2Ev
FNF:9
FNH:9
DA:19,4
DA:20,4
DA:21,4
DA:22,4
DA:23,8
DA:24,4
DA:25,4
DA:27,8
DA:29,1
DA:31,1
DA:33,1
DA:35,1
DA:38,4
DA:40,4
DA:41,8
DA:42,4
DA:44,1
DA:45,1
DA:46,1
DA:47,1
DA:48,1
DA:49,1
DA:50,1
DA:51,1
DA:52,1
DA:53,1
DA:57,4
DA:58,1
DA:59,1
DA:60,1
DA:61,1
DA:62,2
DA:63,1
DA:64,1
DA:65,1
DA:66,1
DA:67,1
DA:68,1
DA:69,1
LF:39
LH:39
end_of_record
